14:48:46.541 [main                     ] DEBUG GameApplication      - Logger initialized
14:48:46.556 [main                     ] DEBUG GameApplication      - Logging settings
Title: Finding Ribo
Version: 1.0
Width: 1280
Height: 720
Fullscreen: true
Intro: false
Menus: false
Profiling: false
Single step:false
App Mode: DEVELOPER
Menu Key: ESCAPE
Stage Style: DECORATED
Scene Factory: class com.almasb.fxgl.app.SceneFactory
Dialog Factory: class com.almasb.fxgl.ui.FXGLDialogFactory
UI Factory: class com.almasb.fxgl.ui.FXGLUIFactory

14:48:47.167 [JavaFX Application Thread] DEBUG Engine               - Initializing FXGL
14:48:47.181 [JavaFX Application Thread] INFO  Engine               - FXGL-11.2-beta on DESKTOP
14:48:47.182 [JavaFX Application Thread] INFO  Engine               - Source code and latest versions at: https://github.com/AlmasB/FXGL
14:48:47.182 [JavaFX Application Thread] INFO  Engine               -              Join the FXGL chat at: https://gitter.im/AlmasB/FXGL
14:48:47.192 [JavaFX Application Thread] DEBUG Engine               - Adding new engine service: class com.almasb.fxgl.audio.AudioPlayer
14:48:47.195 [JavaFX Application Thread] DEBUG Engine               - Adding new engine service: class com.almasb.fxgl.notification.impl.NotificationServiceProvider
14:48:47.198 [JavaFX Application Thread] DEBUG Engine               - Adding new engine service: class com.almasb.fxgl.achievement.AchievementManager
14:48:47.200 [JavaFX Application Thread] DEBUG Engine               - Adding new engine service: class com.almasb.fxgl.dev.DevService
14:48:47.243 [JavaFX Application Thread] DEBUG SaveLoadManager      - Checking profiles dir: profiles/
14:48:47.249 [JavaFX Application Thread] DEBUG FS                   - Loaded MobileFSService
14:48:47.250 [JavaFX Application Thread] DEBUG Engine               - Loading localizations
14:48:47.272 [JavaFX Application Thread] DEBUG AssetLoader          - Loading from disk: /assets/properties/languages/english.properties
14:48:47.279 [JavaFX Application Thread] DEBUG AssetLoader          - Loading from disk: /assets/properties/languages/french.properties
14:48:47.283 [JavaFX Application Thread] DEBUG AssetLoader          - Loading from disk: /assets/properties/languages/german.properties
14:48:47.286 [JavaFX Application Thread] DEBUG AssetLoader          - Loading from disk: /assets/properties/languages/russian.properties
14:48:47.300 [JavaFX Application Thread] DEBUG AssetLoader          - Loading from disk: /assets/properties/languages/hungarian.properties
14:48:47.304 [JavaFX Application Thread] DEBUG Engine               - Registering font factories
14:48:47.305 [JavaFX Application Thread] DEBUG AssetLoader          - Loading from disk: /assets/ui/fonts/VarelaRound-Regular.ttf
14:48:47.881 [JavaFX Application Thread] DEBUG AssetLoader          - Loading from disk: /assets/ui/fonts/Abel-Regular.ttf
14:48:47.909 [JavaFX Application Thread] DEBUG AssetLoader          - Loading from disk: /assets/ui/fonts/lucida_console.ttf
14:48:47.969 [JavaFX Application Thread] DEBUG AssetLoader          - Loading from disk: /assets/ui/fonts/Courier-Prime.ttf
14:48:47.982 [JavaFX Application Thread] DEBUG Engine               - Setting UI factory
14:48:48.073 [JavaFX Application Thread] DEBUG AssetLoader          - Loading from disk: /assets/ui/cursors/fxgl_default.png
14:48:48.164 [JavaFX Application Thread] DEBUG MainWindow           - Creating a JavaFX scene
14:48:48.225 [JavaFX Application Thread] DEBUG MainWindow           - Target settings size: 1280.0 x 720.0
14:48:48.225 [JavaFX Application Thread] DEBUG MainWindow           - Scaled scene size:    1280.0 x 720.0
14:48:48.225 [JavaFX Application Thread] DEBUG MainWindow           - Scaled ratio: (1.0, 1.0)
14:48:48.226 [JavaFX Application Thread] DEBUG AssetLoader          - Loading from disk: /assets/ui/css/fxgl_dark.css
14:48:48.227 [JavaFX Application Thread] DEBUG Input                - Clearing active input actions
14:48:48.227 [JavaFX Application Thread] DEBUG MainWindow           - StartupScene -> StartupScene
14:48:48.229 [JavaFX Application Thread] DEBUG AssetLoader          - Loading from disk: /assets/textures/fxgl_icon.png
14:48:48.257 [JavaFX Application Thread] DEBUG MainWindow           - Opening main window
14:48:48.462 [JavaFX Application Thread] DEBUG MainWindow           - Window border size: (14.4000244140625, 37.5999755859375)
14:48:48.462 [JavaFX Application Thread] DEBUG MainWindow           - Scaled size: 1280.0 x 720.0
14:48:48.462 [JavaFX Application Thread] DEBUG MainWindow           - Scaled ratio: (1.0, 1.0)
14:48:48.463 [JavaFX Application Thread] DEBUG MainWindow           - Scene size: 1280.0 x 720.0
14:48:48.464 [JavaFX Application Thread] DEBUG MainWindow           - Stage size: 1294.4000244140625 x 757.5999755859375
14:48:48.479 [FXGL Background Thread 1 ] DEBUG Engine               - Loading FXGL system data
14:48:48.498 [FXGL Background Thread 1 ] DEBUG MobileFSService      - Reading from: C:\Users\Kafi\Downloads\javafx-workshop-master\Finding_Ribo\system\fxgl.bundle
14:48:48.525 [FXGL Background Thread 1 ] DEBUG Engine               - Bundle FXGL: {}
14:48:48.525 [FXGL Background Thread 1 ] DEBUG Engine               - Initializing application scenes
14:48:48.528 [FXGL Background Thread 1 ] DEBUG AssetLoader          - Loading from disk: /assets/ui/cursors/fxgl_default.png
14:48:48.557 [FXGL Background Thread 1 ] DEBUG GameWorld            - Game world initialized
14:48:48.678 [FXGL Background Thread 1 ] DEBUG PhysicsWorld         - Physics world initialized: appHeight=720, physics.ppm=50.0
14:48:48.680 [FXGL Background Thread 1 ] DEBUG AssetLoader          - Loading from disk: /assets/ui/cursors/fxgl_default.png
14:48:48.686 [FXGL Background Thread 1 ] DEBUG GameScene            - Game scene initialized: 1280x720
14:48:48.737 [FXGL Background Thread 1 ] DEBUG Input                - Registered new binding: Pause - Esc
14:48:48.738 [FXGL Background Thread 1 ] DEBUG Engine               - Application scenes initialized
14:48:48.741 [JavaFX Application Thread] DEBUG Engine               - Running preInit()
14:48:48.744 [JavaFX Application Thread] DEBUG Input                - Registered new binding: Mouse Click - LMB
14:48:48.745 [JavaFX Application Thread] DEBUG Input                - Registered new binding: Screenshot - P
14:48:48.746 [JavaFX Application Thread] DEBUG Input                - Registered new binding: Dev Options - 1
14:48:48.746 [JavaFX Application Thread] DEBUG Input                - Registered new binding: System info dump - CTRL+9
14:48:48.747 [JavaFX Application Thread] DEBUG Input                - Registered new binding: Restart - CTRL+R
14:48:48.747 [JavaFX Application Thread] DEBUG Engine               - generateDefaultProfile()
14:48:48.747 [JavaFX Application Thread] DEBUG Engine               - Creating default profile
14:48:48.747 [JavaFX Application Thread] DEBUG EventBus             - Firing event: SaveEvent
14:48:48.760 [JavaFX Application Thread] DEBUG Engine               - Logging environment variables
14:48:48.760 [JavaFX Application Thread] DEBUG Engine               - achievementStores: []
14:48:48.760 [JavaFX Application Thread] DEBUG Engine               - cSS: fxgl_dark.css
14:48:48.761 [JavaFX Application Thread] DEBUG Engine               - language: ObjectProperty [value: ENGLISH]
14:48:48.761 [JavaFX Application Thread] DEBUG Engine               - isCloseConfirmation: true
14:48:48.761 [JavaFX Application Thread] DEBUG Engine               - isProfilingEnabled: false
14:48:48.761 [JavaFX Application Thread] DEBUG Engine               - soundNotification: core/notification.wav
14:48:48.761 [JavaFX Application Thread] DEBUG Engine               - pixelsPerMeter: 50.0
14:48:48.762 [JavaFX Application Thread] DEBUG Engine               - overlayRoot: Group@666e442e
14:48:48.762 [JavaFX Application Thread] DEBUG Engine               - appIcon: fxgl_icon.png
14:48:48.762 [JavaFX Application Thread] DEBUG Engine               - soundMenuBack: menu/back.wav
14:48:48.762 [JavaFX Application Thread] DEBUG Engine               - isFullScreenAllowed: true
14:48:48.762 [JavaFX Application Thread] DEBUG Engine               - isIntroEnabled: false
14:48:48.762 [JavaFX Application Thread] DEBUG Engine               - fontMono: lucida_console.ttf
14:48:48.763 [JavaFX Application Thread] DEBUG Engine               - soundMenuSelect: menu/select.wav
14:48:48.763 [JavaFX Application Thread] DEBUG Engine               - height: 720
14:48:48.763 [JavaFX Application Thread] DEBUG Engine               - isSingleStep: false
14:48:48.763 [JavaFX Application Thread] DEBUG Engine               - fontGame: Abel-Regular.ttf
14:48:48.763 [JavaFX Application Thread] DEBUG Engine               - menuKey: ESCAPE
14:48:48.764 [JavaFX Application Thread] DEBUG Engine               - versionCheckDays: 7
14:48:48.764 [JavaFX Application Thread] DEBUG Engine               - masterTimer: com.almasb.fxgl.time.Timer@18b22d3a
14:48:48.764 [JavaFX Application Thread] DEBUG Engine               - configClass: Optional.empty
14:48:48.764 [JavaFX Application Thread] DEBUG Engine               - version: 1.0
14:48:48.764 [JavaFX Application Thread] DEBUG Engine               - fullScreen: BooleanProperty [value: false]
14:48:48.764 [JavaFX Application Thread] DEBUG Engine               - dialogFactory: com.almasb.fxgl.ui.FXGLDialogFactory@38c6e383
14:48:48.765 [JavaFX Application Thread] DEBUG Engine               - applicationMode: DEVELOPER
14:48:48.765 [JavaFX Application Thread] DEBUG Engine               - urlGoogleForms: https://goo.gl/forms/6wrMnOBxTE1fEpOy2
14:48:48.765 [JavaFX Application Thread] DEBUG Engine               - isMenuEnabled: false
14:48:48.765 [JavaFX Application Thread] DEBUG Engine               - urlPOM: https://raw.githubusercontent.com/AlmasB/FXGL/master/pom.xml
14:48:48.765 [JavaFX Application Thread] DEBUG Engine               - profileName: user.profile
14:48:48.765 [JavaFX Application Thread] DEBUG Engine               - notificationViewClass: class com.almasb.fxgl.notification.view.XboxNotificationView
14:48:48.766 [JavaFX Application Thread] DEBUG Engine               - sceneFactory: com.almasb.fxgl.app.SceneFactory@290e6180
14:48:48.766 [JavaFX Application Thread] DEBUG Engine               - dataFileExt: .dat
14:48:48.766 [JavaFX Application Thread] DEBUG Engine               - stageStyle: DECORATED
14:48:48.767 [JavaFX Application Thread] DEBUG Engine               - isManualResizeEnabled: false
14:48:48.767 [JavaFX Application Thread] DEBUG Engine               - title: Finding Ribo
14:48:48.767 [JavaFX Application Thread] DEBUG Engine               - credits: []
14:48:48.767 [JavaFX Application Thread] DEBUG Engine               - uIFactory: com.almasb.fxgl.ui.FXGLUIFactory@17a8f413
14:48:48.767 [JavaFX Application Thread] DEBUG Engine               - fontText: Courier-Prime.ttf
14:48:48.767 [JavaFX Application Thread] DEBUG Engine               - isExperimentalTiledLargeMap: false
14:48:48.767 [JavaFX Application Thread] DEBUG Engine               - secondsIn24h: 60
14:48:48.767 [JavaFX Application Thread] DEBUG Engine               - soundMenuPress: menu/press.wav
14:48:48.767 [JavaFX Application Thread] DEBUG Engine               - urlGithub: https://github.com/AlmasB/FXGL
14:48:48.767 [JavaFX Application Thread] DEBUG Engine               - profileDir: profiles/
14:48:48.767 [JavaFX Application Thread] DEBUG Engine               - urlLeaderboard: http://fxgl-top.herokuapp.com/
14:48:48.767 [JavaFX Application Thread] DEBUG Engine               - saveDir: saves/
14:48:48.767 [JavaFX Application Thread] DEBUG Engine               - engineServices: [class com.almasb.fxgl.audio.AudioPlayer, class com.almasb.fxgl.notification.impl.NotificationServiceProvider, class com.almasb.fxgl.achievement.AchievementManager]
14:48:48.767 [JavaFX Application Thread] DEBUG Engine               - width: 1280
14:48:48.767 [JavaFX Application Thread] DEBUG Engine               - saveFileExt: .sav
14:48:48.767 [JavaFX Application Thread] DEBUG Engine               - fontUI: VarelaRound-Regular.ttf
14:48:48.768 [JavaFX Application Thread] DEBUG Engine               - enabledMenuItems: []
14:48:48.780 [JavaFX Application Thread] INFO  Engine               - FXGL initialization took: 1.531 sec
14:48:48.780 [JavaFX Application Thread] DEBUG LoopRunner           - Starting loop
14:48:48.787 [JavaFX Application Thread] DEBUG StartupScene         - STARTUP
14:48:48.787 [JavaFX Application Thread] DEBUG Engine               - Starting new game
14:48:48.788 [JavaFX Application Thread] DEBUG AssetLoader          - Loading from disk: /assets/ui/css/fxgl_dark.css
14:48:48.788 [JavaFX Application Thread] DEBUG Input                - Clearing active input actions
14:48:48.800 [JavaFX Application Thread] DEBUG MainWindow           - StartupScene -> LoadingScene
14:48:48.806 [JavaFX Application Thread] DEBUG Engine               - Removing overlay from StartupScene and adding to LoadingScene
14:48:48.806 [FXGL Background Thread 1 ] DEBUG InitAppTask          - Clearing previous game
14:48:48.807 [FXGL Background Thread 1 ] DEBUG GameWorld            - Clearing game world
14:48:48.807 [FXGL Background Thread 1 ] DEBUG PhysicsWorld         - Clearing physics world
14:48:48.807 [FXGL Background Thread 1 ] DEBUG GameScene            - Clearing game scene
14:48:48.807 [FXGL Background Thread 1 ] DEBUG InitAppTask          - Initializing Game
14:48:48.810 [FXGL Background Thread 1 ] DEBUG AssetLoader          - Loading from disk: /assets/textures/splash.gif
14:48:54.573 [FXGL Background Thread 1 ] DEBUG InitAppTask          - Initializing Physics
14:48:54.574 [FXGL Background Thread 1 ] DEBUG InitAppTask          - Initializing UI
14:48:54.574 [FXGL Background Thread 1 ] DEBUG InitAppTask          - Initialization Complete
14:48:54.574 [FXGL Background Thread 1 ] INFO  InitAppTask          - Game initialization took: 5.767 sec
14:48:54.577 [JavaFX Application Thread] DEBUG AssetLoader          - Loading from disk: /assets/ui/css/fxgl_dark.css
14:48:54.577 [JavaFX Application Thread] DEBUG Input                - Clearing active input actions
14:48:54.586 [JavaFX Application Thread] DEBUG MainWindow           - LoadingScene -> GameScene
14:48:54.586 [JavaFX Application Thread] DEBUG Engine               - Removing overlay from LoadingScene and adding to GameScene
14:49:08.267 [JavaFX Application Thread] DEBUG AssetLoader          - Loading from disk: /assets/textures/home.gif
14:49:10.255 [JavaFX Application Thread] DEBUG AssetLoader          - Loading from disk: /assets/textures/play_button.png
14:49:10.257 [JavaFX Application Thread] DEBUG AssetLoader          - Loading from disk: /assets/textures/exit_button.png
14:49:13.056 [JavaFX Application Thread] DEBUG AssetLoader          - Loading from disk: /assets/textures/1.png
14:49:13.125 [JavaFX Application Thread] DEBUG AssetLoader          - Loading from disk: /assets/textures/next.png
14:49:16.585 [JavaFX Application Thread] DEBUG AssetLoader          - Loading from disk: /assets/textures/null.png
14:49:16.588 [JavaFX Application Thread] DEBUG AssetLoader          - Loading from cache: /assets/textures/null.png
14:49:16.590 [JavaFX Application Thread] DEBUG AssetLoader          - Loading from disk: /assets/textures/pb (1).png
14:49:16.761 [JavaFX Application Thread] DEBUG AssetLoader          - Loading from disk: /assets/textures/1 (1).jpg
14:49:16.812 [JavaFX Application Thread] DEBUG AssetLoader          - Loading from disk: /assets/textures/1 (2).jpg
14:49:16.815 [JavaFX Application Thread] DEBUG AssetLoader          - Loading from disk: /assets/textures/1 (3).jpg
14:49:16.817 [JavaFX Application Thread] DEBUG AssetLoader          - Loading from disk: /assets/textures/1 (4).jpg
14:49:16.819 [JavaFX Application Thread] DEBUG AssetLoader          - Loading from disk: /assets/textures/1 (5).jpg
14:49:16.821 [JavaFX Application Thread] DEBUG AssetLoader          - Loading from disk: /assets/textures/1 (6).jpg
14:49:16.824 [JavaFX Application Thread] DEBUG AssetLoader          - Loading from disk: /assets/textures/1 (7).jpg
14:49:16.826 [JavaFX Application Thread] DEBUG AssetLoader          - Loading from disk: /assets/textures/1 (8).jpg
14:49:16.828 [JavaFX Application Thread] DEBUG AssetLoader          - Loading from disk: /assets/textures/1 (9).jpg
14:49:16.830 [JavaFX Application Thread] DEBUG AssetLoader          - Loading from disk: /assets/textures/1 (10).jpg
14:49:16.832 [JavaFX Application Thread] DEBUG AssetLoader          - Loading from disk: /assets/textures/1 (11).jpg
14:49:16.834 [JavaFX Application Thread] DEBUG AssetLoader          - Loading from disk: /assets/textures/1 (12).jpg
14:49:16.837 [JavaFX Application Thread] DEBUG AssetLoader          - Loading from disk: /assets/textures/1 (13).jpg
14:49:16.839 [JavaFX Application Thread] DEBUG AssetLoader          - Loading from disk: /assets/textures/1 (14).jpg
14:49:16.842 [JavaFX Application Thread] DEBUG AssetLoader          - Loading from disk: /assets/textures/1 (15).jpg
14:49:16.845 [JavaFX Application Thread] DEBUG AssetLoader          - Loading from disk: /assets/textures/1 (16).jpg
14:49:29.322 [JavaFX Application Thread] DEBUG AssetLoader          - Loading from cache: /assets/textures/null.png
14:49:29.322 [JavaFX Application Thread] DEBUG AssetLoader          - Loading from cache: /assets/textures/null.png
14:49:29.322 [JavaFX Application Thread] DEBUG AssetLoader          - Loading from cache: /assets/textures/null.png
14:49:29.322 [JavaFX Application Thread] DEBUG AssetLoader          - Loading from cache: /assets/textures/null.png
14:49:29.322 [JavaFX Application Thread] DEBUG AssetLoader          - Loading from cache: /assets/textures/null.png
14:49:29.323 [JavaFX Application Thread] DEBUG AssetLoader          - Loading from cache: /assets/textures/null.png
14:49:29.323 [JavaFX Application Thread] DEBUG AssetLoader          - Loading from cache: /assets/textures/null.png
14:49:29.323 [JavaFX Application Thread] DEBUG AssetLoader          - Loading from cache: /assets/textures/null.png
14:49:29.324 [JavaFX Application Thread] DEBUG AssetLoader          - Loading from cache: /assets/textures/null.png
14:49:29.324 [JavaFX Application Thread] DEBUG AssetLoader          - Loading from cache: /assets/textures/null.png
14:49:29.324 [JavaFX Application Thread] DEBUG AssetLoader          - Loading from cache: /assets/textures/null.png
14:49:29.324 [JavaFX Application Thread] DEBUG AssetLoader          - Loading from cache: /assets/textures/null.png
14:49:29.325 [JavaFX Application Thread] DEBUG AssetLoader          - Loading from cache: /assets/textures/null.png
14:49:29.325 [JavaFX Application Thread] DEBUG AssetLoader          - Loading from cache: /assets/textures/null.png
14:49:29.326 [JavaFX Application Thread] DEBUG AssetLoader          - Loading from cache: /assets/textures/null.png
14:49:29.326 [JavaFX Application Thread] DEBUG AssetLoader          - Loading from cache: /assets/textures/null.png
14:49:29.326 [JavaFX Application Thread] DEBUG AssetLoader          - Loading from disk: /assets/textures/2.1.png
14:49:29.414 [JavaFX Application Thread] DEBUG AssetLoader          - Loading from cache: /assets/textures/next.png
14:49:33.664 [JavaFX Application Thread] DEBUG AssetLoader          - Loading from disk: /assets/textures/2.2.png
14:49:33.809 [JavaFX Application Thread] DEBUG AssetLoader          - Loading from disk: /assets/textures/ok.png
14:49:36.399 [JavaFX Application Thread] DEBUG AssetLoader          - Loading from cache: /assets/textures/null.png
14:49:36.400 [JavaFX Application Thread] DEBUG AssetLoader          - Loading from cache: /assets/textures/null.png
14:49:36.401 [JavaFX Application Thread] DEBUG AssetLoader          - Loading from disk: /assets/textures/pb (2).png
14:49:36.526 [JavaFX Application Thread] DEBUG AssetLoader          - Loading from disk: /assets/textures/2 (7).jpg
14:49:36.527 [JavaFX Application Thread] DEBUG AssetLoader          - Loading from disk: /assets/textures/2 (2).jpg
14:49:36.529 [JavaFX Application Thread] DEBUG AssetLoader          - Loading from disk: /assets/textures/2 (6).jpg
14:49:36.530 [JavaFX Application Thread] DEBUG AssetLoader          - Loading from disk: /assets/textures/2 (1).jpg
14:49:36.533 [JavaFX Application Thread] DEBUG AssetLoader          - Loading from disk: /assets/textures/2 (5).jpg
14:49:36.535 [JavaFX Application Thread] DEBUG AssetLoader          - Loading from cache: /assets/textures/2 (5).jpg
14:49:36.535 [JavaFX Application Thread] DEBUG AssetLoader          - Loading from disk: /assets/textures/2 (3).jpg
14:49:36.536 [JavaFX Application Thread] DEBUG AssetLoader          - Loading from cache: /assets/textures/2 (6).jpg
14:49:36.537 [JavaFX Application Thread] DEBUG AssetLoader          - Loading from cache: /assets/textures/2 (3).jpg
14:49:36.537 [JavaFX Application Thread] DEBUG AssetLoader          - Loading from disk: /assets/textures/2 (8).jpg
14:49:36.538 [JavaFX Application Thread] DEBUG AssetLoader          - Loading from cache: /assets/textures/2 (7).jpg
14:49:36.539 [JavaFX Application Thread] DEBUG AssetLoader          - Loading from cache: /assets/textures/2 (1).jpg
14:49:36.539 [JavaFX Application Thread] DEBUG AssetLoader          - Loading from cache: /assets/textures/2 (2).jpg
14:49:36.539 [JavaFX Application Thread] DEBUG AssetLoader          - Loading from cache: /assets/textures/2 (8).jpg
14:49:36.539 [JavaFX Application Thread] DEBUG AssetLoader          - Loading from disk: /assets/textures/2 (4).jpg
14:49:36.541 [JavaFX Application Thread] DEBUG AssetLoader          - Loading from cache: /assets/textures/2 (4).jpg
14:49:41.313 [JavaFX Application Thread] DEBUG AssetLoader          - Loading from disk: /assets/textures/temp.png
14:49:41.319 [JavaFX Application Thread] DEBUG AssetLoader          - Loading from cache: /assets/textures/temp.png
14:49:41.320 [JavaFX Application Thread] DEBUG AssetLoader          - Loading from cache: /assets/textures/temp.png
14:49:41.321 [JavaFX Application Thread] DEBUG AssetLoader          - Loading from cache: /assets/textures/temp.png
14:49:41.322 [JavaFX Application Thread] DEBUG AssetLoader          - Loading from cache: /assets/textures/temp.png
14:49:41.324 [JavaFX Application Thread] DEBUG AssetLoader          - Loading from cache: /assets/textures/temp.png
14:49:41.325 [JavaFX Application Thread] DEBUG AssetLoader          - Loading from cache: /assets/textures/temp.png
14:49:41.326 [JavaFX Application Thread] DEBUG AssetLoader          - Loading from cache: /assets/textures/temp.png
14:49:41.326 [JavaFX Application Thread] DEBUG AssetLoader          - Loading from cache: /assets/textures/temp.png
14:49:41.327 [JavaFX Application Thread] DEBUG AssetLoader          - Loading from cache: /assets/textures/temp.png
14:49:41.328 [JavaFX Application Thread] DEBUG AssetLoader          - Loading from cache: /assets/textures/temp.png
14:49:41.329 [JavaFX Application Thread] DEBUG AssetLoader          - Loading from cache: /assets/textures/temp.png
14:49:41.330 [JavaFX Application Thread] DEBUG AssetLoader          - Loading from cache: /assets/textures/temp.png
14:49:41.330 [JavaFX Application Thread] DEBUG AssetLoader          - Loading from cache: /assets/textures/temp.png
14:49:41.331 [JavaFX Application Thread] DEBUG AssetLoader          - Loading from cache: /assets/textures/temp.png
14:49:41.332 [JavaFX Application Thread] DEBUG AssetLoader          - Loading from cache: /assets/textures/temp.png
14:49:43.387 [JavaFX Application Thread] DEBUG AssetLoader          - Loading from cache: /assets/textures/2 (7).jpg
14:49:45.327 [JavaFX Application Thread] DEBUG AssetLoader          - Loading from cache: /assets/textures/2 (5).jpg
14:49:46.752 [JavaFX Application Thread] DEBUG AssetLoader          - Loading from cache: /assets/textures/temp.png
14:49:46.754 [JavaFX Application Thread] DEBUG AssetLoader          - Loading from cache: /assets/textures/temp.png
14:49:47.448 [JavaFX Application Thread] DEBUG AssetLoader          - Loading from cache: /assets/textures/2 (3).jpg
14:49:48.434 [JavaFX Application Thread] DEBUG AssetLoader          - Loading from cache: /assets/textures/2 (6).jpg
14:49:49.872 [JavaFX Application Thread] DEBUG AssetLoader          - Loading from cache: /assets/textures/temp.png
14:49:49.873 [JavaFX Application Thread] DEBUG AssetLoader          - Loading from cache: /assets/textures/temp.png
14:49:50.213 [JavaFX Application Thread] DEBUG AssetLoader          - Loading from cache: /assets/textures/2 (2).jpg
14:49:52.033 [JavaFX Application Thread] DEBUG AssetLoader          - Loading from cache: /assets/textures/2 (7).jpg
14:49:53.457 [JavaFX Application Thread] DEBUG AssetLoader          - Loading from cache: /assets/textures/temp.png
14:49:53.458 [JavaFX Application Thread] DEBUG AssetLoader          - Loading from cache: /assets/textures/temp.png
14:49:54.143 [JavaFX Application Thread] DEBUG AssetLoader          - Loading from cache: /assets/textures/2 (5).jpg
14:49:55.450 [JavaFX Application Thread] DEBUG AssetLoader          - Loading from cache: /assets/textures/2 (5).jpg
14:49:56.668 [JavaFX Application Thread] DEBUG AssetLoader          - Loading from cache: /assets/textures/2 (1).jpg
14:49:57.844 [JavaFX Application Thread] DEBUG AssetLoader          - Loading from cache: /assets/textures/2 (6).jpg
14:49:59.280 [JavaFX Application Thread] DEBUG AssetLoader          - Loading from cache: /assets/textures/temp.png
14:49:59.282 [JavaFX Application Thread] DEBUG AssetLoader          - Loading from cache: /assets/textures/temp.png
14:49:59.744 [JavaFX Application Thread] DEBUG AssetLoader          - Loading from cache: /assets/textures/2 (6).jpg
14:50:00.851 [JavaFX Application Thread] DEBUG AssetLoader          - Loading from cache: /assets/textures/2 (6).jpg
14:50:01.866 [JavaFX Application Thread] DEBUG AssetLoader          - Loading from cache: /assets/textures/2 (1).jpg
14:50:03.575 [JavaFX Application Thread] DEBUG AssetLoader          - Loading from cache: /assets/textures/2 (1).jpg
14:50:04.701 [JavaFX Application Thread] DEBUG AssetLoader          - Loading from cache: /assets/textures/2 (7).jpg
14:50:06.240 [JavaFX Application Thread] DEBUG AssetLoader          - Loading from cache: /assets/textures/2 (7).jpg
14:50:07.214 [JavaFX Application Thread] DEBUG AssetLoader          - Loading from cache: /assets/textures/2 (3).jpg
14:50:08.401 [JavaFX Application Thread] DEBUG AssetLoader          - Loading from cache: /assets/textures/2 (3).jpg
14:50:09.557 [JavaFX Application Thread] DEBUG AssetLoader          - Loading from cache: /assets/textures/2 (8).jpg
14:50:11.096 [JavaFX Application Thread] DEBUG AssetLoader          - Loading from cache: /assets/textures/2 (4).jpg
14:50:12.528 [JavaFX Application Thread] DEBUG AssetLoader          - Loading from cache: /assets/textures/temp.png
14:50:12.529 [JavaFX Application Thread] DEBUG AssetLoader          - Loading from cache: /assets/textures/temp.png
14:50:12.654 [JavaFX Application Thread] DEBUG AssetLoader          - Loading from cache: /assets/textures/2 (2).jpg
14:50:13.891 [JavaFX Application Thread] DEBUG AssetLoader          - Loading from cache: /assets/textures/2 (8).jpg
14:50:15.329 [JavaFX Application Thread] DEBUG AssetLoader          - Loading from cache: /assets/textures/temp.png
14:50:15.330 [JavaFX Application Thread] DEBUG AssetLoader          - Loading from cache: /assets/textures/temp.png
14:50:15.841 [JavaFX Application Thread] DEBUG AssetLoader          - Loading from cache: /assets/textures/2 (4).jpg
14:50:17.267 [JavaFX Application Thread] DEBUG AssetLoader          - Loading from cache: /assets/textures/2 (4).jpg
14:50:18.484 [JavaFX Application Thread] DEBUG AssetLoader          - Loading from cache: /assets/textures/2 (8).jpg
14:50:19.409 [JavaFX Application Thread] DEBUG AssetLoader          - Loading from cache: /assets/textures/2 (8).jpg
14:50:21.138 [JavaFX Application Thread] DEBUG AssetLoader          - Loading from cache: /assets/textures/2 (2).jpg
14:50:22.485 [JavaFX Application Thread] DEBUG AssetLoader          - Loading from cache: /assets/textures/2 (2).jpg
14:50:22.486 [JavaFX Application Thread] DEBUG AssetLoader          - Loading from cache: /assets/textures/null.png
14:50:22.486 [JavaFX Application Thread] DEBUG AssetLoader          - Loading from cache: /assets/textures/null.png
14:50:22.486 [JavaFX Application Thread] DEBUG AssetLoader          - Loading from cache: /assets/textures/null.png
14:50:22.487 [JavaFX Application Thread] DEBUG AssetLoader          - Loading from cache: /assets/textures/null.png
14:50:22.487 [JavaFX Application Thread] DEBUG AssetLoader          - Loading from cache: /assets/textures/null.png
14:50:22.487 [JavaFX Application Thread] DEBUG AssetLoader          - Loading from cache: /assets/textures/null.png
14:50:22.487 [JavaFX Application Thread] DEBUG AssetLoader          - Loading from cache: /assets/textures/null.png
14:50:22.488 [JavaFX Application Thread] DEBUG AssetLoader          - Loading from cache: /assets/textures/null.png
14:50:22.488 [JavaFX Application Thread] DEBUG AssetLoader          - Loading from cache: /assets/textures/null.png
14:50:22.488 [JavaFX Application Thread] DEBUG AssetLoader          - Loading from cache: /assets/textures/null.png
14:50:22.489 [JavaFX Application Thread] DEBUG AssetLoader          - Loading from cache: /assets/textures/null.png
14:50:22.489 [JavaFX Application Thread] DEBUG AssetLoader          - Loading from cache: /assets/textures/null.png
14:50:22.489 [JavaFX Application Thread] DEBUG AssetLoader          - Loading from cache: /assets/textures/null.png
14:50:22.489 [JavaFX Application Thread] DEBUG AssetLoader          - Loading from cache: /assets/textures/null.png
14:50:22.489 [JavaFX Application Thread] DEBUG AssetLoader          - Loading from cache: /assets/textures/null.png
14:50:22.490 [JavaFX Application Thread] DEBUG AssetLoader          - Loading from cache: /assets/textures/null.png
14:50:22.490 [JavaFX Application Thread] DEBUG AssetLoader          - Loading from disk: /assets/textures/3.png
14:50:22.573 [JavaFX Application Thread] DEBUG AssetLoader          - Loading from cache: /assets/textures/next.png
14:50:30.025 [JavaFX Application Thread] DEBUG AssetLoader          - Loading from cache: /assets/textures/null.png
14:50:30.026 [JavaFX Application Thread] DEBUG AssetLoader          - Loading from cache: /assets/textures/null.png
14:50:30.027 [JavaFX Application Thread] DEBUG AssetLoader          - Loading from disk: /assets/textures/pb (3).png
14:50:30.156 [JavaFX Application Thread] DEBUG AssetLoader          - Loading from disk: /assets/textures/3 (11).jpg
14:50:30.158 [JavaFX Application Thread] DEBUG AssetLoader          - Loading from disk: /assets/textures/3 (10).jpg
14:50:30.160 [JavaFX Application Thread] DEBUG AssetLoader          - Loading from disk: /assets/textures/3 (13).jpg
14:50:30.161 [JavaFX Application Thread] DEBUG AssetLoader          - Loading from disk: /assets/textures/3 (9).jpg
14:50:30.162 [JavaFX Application Thread] DEBUG AssetLoader          - Loading from disk: /assets/textures/3 (5).jpg
14:50:30.164 [JavaFX Application Thread] DEBUG AssetLoader          - Loading from disk: /assets/textures/3 (16).jpg
14:50:30.165 [JavaFX Application Thread] DEBUG AssetLoader          - Loading from disk: /assets/textures/3 (2).jpg
14:50:30.167 [JavaFX Application Thread] DEBUG AssetLoader          - Loading from disk: /assets/textures/3 (6).jpg
14:50:30.168 [JavaFX Application Thread] DEBUG AssetLoader          - Loading from disk: /assets/textures/3 (8).jpg
14:50:30.170 [JavaFX Application Thread] DEBUG AssetLoader          - Loading from disk: /assets/textures/3 (14).jpg
14:50:30.171 [JavaFX Application Thread] DEBUG AssetLoader          - Loading from disk: /assets/textures/3 (3).jpg
14:50:30.172 [JavaFX Application Thread] DEBUG AssetLoader          - Loading from disk: /assets/textures/3 (1).jpg
14:50:30.174 [JavaFX Application Thread] DEBUG AssetLoader          - Loading from disk: /assets/textures/3 (7).jpg
14:50:30.175 [JavaFX Application Thread] DEBUG AssetLoader          - Loading from disk: /assets/textures/3 (4).jpg
14:50:30.177 [JavaFX Application Thread] DEBUG AssetLoader          - Loading from disk: /assets/textures/3 (15).jpg
14:50:30.178 [JavaFX Application Thread] DEBUG AssetLoader          - Loading from disk: /assets/textures/3 (12).jpg
14:50:30.180 [JavaFX Application Thread] DEBUG Input                - Mocking button press: LMB at 660.8, 582.4
14:50:36.903 [JavaFX Application Thread] DEBUG AssetLoader          - Loading from disk: /assets/textures/effect_level2.png
14:50:38.562 [JavaFX Application Thread] DEBUG AssetLoader          - Loading from cache: /assets/textures/effect_level2.png
14:50:40.964 [JavaFX Application Thread] DEBUG AssetLoader          - Loading from cache: /assets/textures/effect_level2.png
14:50:43.497 [JavaFX Application Thread] DEBUG AssetLoader          - Loading from cache: /assets/textures/effect_level2.png
14:50:45.719 [JavaFX Application Thread] DEBUG AssetLoader          - Loading from cache: /assets/textures/effect_level2.png
14:50:47.248 [JavaFX Application Thread] DEBUG AssetLoader          - Loading from cache: /assets/textures/effect_level2.png
14:50:48.707 [JavaFX Application Thread] DEBUG AssetLoader          - Loading from cache: /assets/textures/effect_level2.png
14:50:51.491 [JavaFX Application Thread] DEBUG AssetLoader          - Loading from cache: /assets/textures/effect_level2.png
14:50:53.954 [JavaFX Application Thread] DEBUG AssetLoader          - Loading from cache: /assets/textures/effect_level2.png
14:50:57.190 [JavaFX Application Thread] DEBUG AssetLoader          - Loading from cache: /assets/textures/effect_level2.png
14:50:59.674 [JavaFX Application Thread] DEBUG AssetLoader          - Loading from cache: /assets/textures/effect_level2.png
14:51:01.232 [JavaFX Application Thread] DEBUG AssetLoader          - Loading from cache: /assets/textures/effect_level2.png
14:51:03.616 [JavaFX Application Thread] DEBUG AssetLoader          - Loading from cache: /assets/textures/effect_level2.png
14:51:05.767 [JavaFX Application Thread] DEBUG AssetLoader          - Loading from cache: /assets/textures/effect_level2.png
14:51:08.019 [JavaFX Application Thread] DEBUG AssetLoader          - Loading from cache: /assets/textures/effect_level2.png
14:51:10.112 [JavaFX Application Thread] DEBUG AssetLoader          - Loading from cache: /assets/textures/effect_level2.png
14:51:11.171 [JavaFX Application Thread] DEBUG AssetLoader          - Loading from cache: /assets/textures/null.png
14:51:11.171 [JavaFX Application Thread] DEBUG AssetLoader          - Loading from cache: /assets/textures/null.png
14:51:11.172 [JavaFX Application Thread] DEBUG AssetLoader          - Loading from cache: /assets/textures/null.png
14:51:11.172 [JavaFX Application Thread] DEBUG AssetLoader          - Loading from cache: /assets/textures/null.png
14:51:11.173 [JavaFX Application Thread] DEBUG AssetLoader          - Loading from cache: /assets/textures/null.png
14:51:11.173 [JavaFX Application Thread] DEBUG AssetLoader          - Loading from cache: /assets/textures/null.png
14:51:11.174 [JavaFX Application Thread] DEBUG AssetLoader          - Loading from cache: /assets/textures/null.png
14:51:11.174 [JavaFX Application Thread] DEBUG AssetLoader          - Loading from cache: /assets/textures/null.png
14:51:11.175 [JavaFX Application Thread] DEBUG AssetLoader          - Loading from cache: /assets/textures/null.png
14:51:11.175 [JavaFX Application Thread] DEBUG AssetLoader          - Loading from cache: /assets/textures/null.png
14:51:11.175 [JavaFX Application Thread] DEBUG AssetLoader          - Loading from cache: /assets/textures/null.png
14:51:11.176 [JavaFX Application Thread] DEBUG AssetLoader          - Loading from cache: /assets/textures/null.png
14:51:11.176 [JavaFX Application Thread] DEBUG AssetLoader          - Loading from cache: /assets/textures/null.png
14:51:11.177 [JavaFX Application Thread] DEBUG AssetLoader          - Loading from cache: /assets/textures/null.png
14:51:11.177 [JavaFX Application Thread] DEBUG AssetLoader          - Loading from cache: /assets/textures/null.png
14:51:11.177 [JavaFX Application Thread] DEBUG AssetLoader          - Loading from cache: /assets/textures/null.png
14:51:11.178 [JavaFX Application Thread] DEBUG AssetLoader          - Loading from disk: /assets/textures/4.1.png
14:51:11.332 [JavaFX Application Thread] DEBUG AssetLoader          - Loading from cache: /assets/textures/next.png
14:51:17.179 [JavaFX Application Thread] DEBUG AssetLoader          - Loading from disk: /assets/textures/4.2.png
14:51:18.365 [JavaFX Application Thread] DEBUG AssetLoader          - Loading from disk: /assets/textures/4.3.png
14:51:20.487 [JavaFX Application Thread] DEBUG AssetLoader          - Loading from disk: /assets/textures/4.4.png
14:51:25.031 [JavaFX Application Thread] DEBUG AssetLoader          - Loading from cache: /assets/textures/null.png
14:51:25.032 [JavaFX Application Thread] DEBUG AssetLoader          - Loading from cache: /assets/textures/null.png
14:51:25.032 [JavaFX Application Thread] DEBUG AssetLoader          - Loading from disk: /assets/textures/pb (4).png
14:51:25.127 [JavaFX Application Thread] DEBUG AssetLoader          - Loading from disk: /assets/textures/lock_screen (1).png
14:51:25.130 [JavaFX Application Thread] DEBUG AssetLoader          - Loading from disk: /assets/textures/lock_screen (2).png
14:51:25.133 [JavaFX Application Thread] DEBUG AssetLoader          - Loading from disk: /assets/textures/lock_screen (3).png
14:51:25.135 [JavaFX Application Thread] DEBUG AssetLoader          - Loading from disk: /assets/textures/lock_screen (4).png
14:51:25.136 [JavaFX Application Thread] DEBUG AssetLoader          - Loading from disk: /assets/textures/pb (5).png
14:51:25.201 [JavaFX Application Thread] DEBUG AssetLoader          - Loading from disk: /assets/textures/5 (6).png
14:51:25.204 [JavaFX Application Thread] DEBUG AssetLoader          - Loading from disk: /assets/textures/5 (13).png
14:51:25.206 [JavaFX Application Thread] DEBUG AssetLoader          - Loading from disk: /assets/textures/5 (2).png
14:51:25.208 [JavaFX Application Thread] DEBUG AssetLoader          - Loading from disk: /assets/textures/5 (10).png
14:51:25.210 [JavaFX Application Thread] DEBUG AssetLoader          - Loading from disk: /assets/textures/5 (12).png
14:51:25.212 [JavaFX Application Thread] DEBUG AssetLoader          - Loading from disk: /assets/textures/5 (3).png
14:51:25.213 [JavaFX Application Thread] DEBUG AssetLoader          - Loading from disk: /assets/textures/5 (14).png
14:51:25.215 [JavaFX Application Thread] DEBUG AssetLoader          - Loading from disk: /assets/textures/5 (16).png
14:51:25.217 [JavaFX Application Thread] DEBUG AssetLoader          - Loading from disk: /assets/textures/5 (7).png
14:51:25.219 [JavaFX Application Thread] DEBUG AssetLoader          - Loading from disk: /assets/textures/5 (1).png
14:51:25.221 [JavaFX Application Thread] DEBUG AssetLoader          - Loading from disk: /assets/textures/5 (15).png
14:51:25.223 [JavaFX Application Thread] DEBUG AssetLoader          - Loading from disk: /assets/textures/5 (9).png
14:51:25.225 [JavaFX Application Thread] DEBUG AssetLoader          - Loading from disk: /assets/textures/5 (5).png
14:51:25.227 [JavaFX Application Thread] DEBUG AssetLoader          - Loading from disk: /assets/textures/5 (8).png
14:51:25.228 [JavaFX Application Thread] DEBUG AssetLoader          - Loading from disk: /assets/textures/5 (11).png
14:51:25.231 [JavaFX Application Thread] DEBUG AssetLoader          - Loading from disk: /assets/textures/5 (4).png
15:00:54.125 [JavaFX Application Thread] DEBUG MainWindow           - Push state: DialogSubState
15:00:54.125 [JavaFX Application Thread] DEBUG Input                - Clearing active input actions
15:00:54.125 [JavaFX Application Thread] DEBUG MainWindow           - GameScene -> DialogSubState
15:00:54.139 [JavaFX Application Thread] DEBUG Engine               - Removing overlay from GameScene and adding to DialogSubState
15:00:55.525 [JavaFX Application Thread] DEBUG MainWindow           - Pop state: DialogSubState
15:00:55.525 [JavaFX Application Thread] DEBUG Input                - Clearing active input actions
15:00:55.526 [JavaFX Application Thread] DEBUG Engine               - Removing overlay from DialogSubState and adding to GameScene
15:00:55.526 [JavaFX Application Thread] DEBUG MainWindow           - GameScene <- DialogSubState
15:00:55.526 [JavaFX Application Thread] DEBUG Engine               - Exiting FXGL
15:00:55.526 [JavaFX Application Thread] DEBUG Engine               - Shutting down background threads
15:00:55.527 [JavaFX Application Thread] DEBUG Engine               - Saving FXGL system data
15:00:55.529 [JavaFX Application Thread] DEBUG MobileFSService      - Writing to: C:\Users\Kafi\Downloads\javafx-workshop-master\Finding_Ribo\system\fxgl.bundle
15:00:55.534 [JavaFX Application Thread] DEBUG Engine               - Closing logger and exiting JavaFX
