17:05:03.007 [main                     ] DEBUG GameApplication      - Logger initialized
17:05:03.019 [main                     ] DEBUG GameApplication      - Logging settings
Title: Finding Ribo
Version: 1.0
Width: 1280
Height: 720
Fullscreen: true
Intro: false
Menus: false
Profiling: false
Single step:false
App Mode: DEVELOPER
Menu Key: ESCAPE
Stage Style: DECORATED
Scene Factory: class com.almasb.fxgl.app.SceneFactory
Dialog Factory: class com.almasb.fxgl.ui.FXGLDialogFactory
UI Factory: class com.almasb.fxgl.ui.FXGLUIFactory

17:05:03.356 [JavaFX Application Thread] DEBUG Engine               - Initializing FXGL
17:05:03.362 [JavaFX Application Thread] INFO  Engine               - FXGL-11.2-beta on DESKTOP
17:05:03.362 [JavaFX Application Thread] INFO  Engine               - Source code and latest versions at: https://github.com/AlmasB/FXGL
17:05:03.363 [JavaFX Application Thread] INFO  Engine               -              Join the FXGL chat at: https://gitter.im/AlmasB/FXGL
17:05:03.367 [JavaFX Application Thread] DEBUG Engine               - Adding new engine service: class com.almasb.fxgl.audio.AudioPlayer
17:05:03.369 [JavaFX Application Thread] DEBUG Engine               - Adding new engine service: class com.almasb.fxgl.notification.impl.NotificationServiceProvider
17:05:03.370 [JavaFX Application Thread] DEBUG Engine               - Adding new engine service: class com.almasb.fxgl.achievement.AchievementManager
17:05:03.371 [JavaFX Application Thread] DEBUG Engine               - Adding new engine service: class com.almasb.fxgl.dev.DevService
17:05:03.389 [JavaFX Application Thread] DEBUG SaveLoadManager      - Checking profiles dir: profiles/
17:05:03.392 [JavaFX Application Thread] DEBUG FS                   - Loaded MobileFSService
17:05:03.392 [JavaFX Application Thread] DEBUG Engine               - Loading localizations
17:05:03.407 [JavaFX Application Thread] DEBUG AssetLoader          - Loading from disk: /assets/properties/languages/english.properties
17:05:03.410 [JavaFX Application Thread] DEBUG AssetLoader          - Loading from disk: /assets/properties/languages/french.properties
17:05:03.412 [JavaFX Application Thread] DEBUG AssetLoader          - Loading from disk: /assets/properties/languages/german.properties
17:05:03.414 [JavaFX Application Thread] DEBUG AssetLoader          - Loading from disk: /assets/properties/languages/russian.properties
17:05:03.415 [JavaFX Application Thread] DEBUG AssetLoader          - Loading from disk: /assets/properties/languages/hungarian.properties
17:05:03.417 [JavaFX Application Thread] DEBUG Engine               - Registering font factories
17:05:03.417 [JavaFX Application Thread] DEBUG AssetLoader          - Loading from disk: /assets/ui/fonts/VarelaRound-Regular.ttf
17:05:03.651 [JavaFX Application Thread] DEBUG AssetLoader          - Loading from disk: /assets/ui/fonts/Abel-Regular.ttf
17:05:03.671 [JavaFX Application Thread] DEBUG AssetLoader          - Loading from disk: /assets/ui/fonts/lucida_console.ttf
17:05:03.709 [JavaFX Application Thread] DEBUG AssetLoader          - Loading from disk: /assets/ui/fonts/Courier-Prime.ttf
17:05:03.719 [JavaFX Application Thread] DEBUG Engine               - Setting UI factory
17:05:03.800 [JavaFX Application Thread] DEBUG AssetLoader          - Loading from disk: /assets/ui/cursors/fxgl_default.png
17:05:03.875 [JavaFX Application Thread] DEBUG MainWindow           - Creating a JavaFX scene
17:05:03.935 [JavaFX Application Thread] DEBUG MainWindow           - Target settings size: 1280.0 x 720.0
17:05:03.935 [JavaFX Application Thread] DEBUG MainWindow           - Scaled scene size:    1280.0 x 720.0
17:05:03.935 [JavaFX Application Thread] DEBUG MainWindow           - Scaled ratio: (1.0, 1.0)
17:05:03.936 [JavaFX Application Thread] DEBUG AssetLoader          - Loading from disk: /assets/ui/css/fxgl_dark.css
17:05:03.937 [JavaFX Application Thread] DEBUG Input                - Clearing active input actions
17:05:03.937 [JavaFX Application Thread] DEBUG MainWindow           - StartupScene -> StartupScene
17:05:03.939 [JavaFX Application Thread] DEBUG AssetLoader          - Loading from disk: /assets/textures/fxgl_icon.png
17:05:03.963 [JavaFX Application Thread] DEBUG MainWindow           - Opening main window
17:05:04.133 [JavaFX Application Thread] DEBUG MainWindow           - Window border size: (14.4000244140625, 37.5999755859375)
17:05:04.133 [JavaFX Application Thread] DEBUG MainWindow           - Scaled size: 1280.0 x 720.0
17:05:04.134 [JavaFX Application Thread] DEBUG MainWindow           - Scaled ratio: (1.0, 1.0)
17:05:04.134 [JavaFX Application Thread] DEBUG MainWindow           - Scene size: 1280.0 x 720.0
17:05:04.134 [JavaFX Application Thread] DEBUG MainWindow           - Stage size: 1294.4000244140625 x 757.5999755859375
17:05:04.147 [FXGL Background Thread 1 ] DEBUG Engine               - Loading FXGL system data
17:05:04.156 [FXGL Background Thread 1 ] DEBUG MobileFSService      - Reading from: C:\Users\Kafi\Downloads\javafx-workshop-master\Finding_Ribo\system\fxgl.bundle
17:05:04.170 [FXGL Background Thread 1 ] DEBUG Engine               - Bundle FXGL: {}
17:05:04.170 [FXGL Background Thread 1 ] DEBUG Engine               - Initializing application scenes
17:05:04.173 [FXGL Background Thread 1 ] DEBUG AssetLoader          - Loading from disk: /assets/ui/cursors/fxgl_default.png
17:05:04.193 [FXGL Background Thread 1 ] DEBUG GameWorld            - Game world initialized
17:05:04.311 [FXGL Background Thread 1 ] DEBUG PhysicsWorld         - Physics world initialized: appHeight=720, physics.ppm=50.0
17:05:04.312 [FXGL Background Thread 1 ] DEBUG AssetLoader          - Loading from disk: /assets/ui/cursors/fxgl_default.png
17:05:04.318 [FXGL Background Thread 1 ] DEBUG GameScene            - Game scene initialized: 1280x720
17:05:04.360 [FXGL Background Thread 1 ] DEBUG Input                - Registered new binding: Pause - Esc
17:05:04.360 [FXGL Background Thread 1 ] DEBUG Engine               - Application scenes initialized
17:05:04.365 [JavaFX Application Thread] DEBUG Engine               - Running preInit()
17:05:04.369 [JavaFX Application Thread] DEBUG Input                - Registered new binding: Mouse Click - LMB
17:05:04.370 [JavaFX Application Thread] DEBUG Input                - Registered new binding: Screenshot - P
17:05:04.370 [JavaFX Application Thread] DEBUG Input                - Registered new binding: Dev Options - 1
17:05:04.370 [JavaFX Application Thread] DEBUG Input                - Registered new binding: System info dump - CTRL+9
17:05:04.371 [JavaFX Application Thread] DEBUG Input                - Registered new binding: Restart - CTRL+R
17:05:04.371 [JavaFX Application Thread] DEBUG Engine               - generateDefaultProfile()
17:05:04.371 [JavaFX Application Thread] DEBUG Engine               - Creating default profile
17:05:04.372 [JavaFX Application Thread] DEBUG EventBus             - Firing event: SaveEvent
17:05:04.385 [JavaFX Application Thread] DEBUG Engine               - Logging environment variables
17:05:04.385 [JavaFX Application Thread] DEBUG Engine               - achievementStores: []
17:05:04.385 [JavaFX Application Thread] DEBUG Engine               - cSS: fxgl_dark.css
17:05:04.385 [JavaFX Application Thread] DEBUG Engine               - language: ObjectProperty [value: ENGLISH]
17:05:04.385 [JavaFX Application Thread] DEBUG Engine               - isCloseConfirmation: true
17:05:04.386 [JavaFX Application Thread] DEBUG Engine               - isProfilingEnabled: false
17:05:04.386 [JavaFX Application Thread] DEBUG Engine               - soundNotification: core/notification.wav
17:05:04.386 [JavaFX Application Thread] DEBUG Engine               - pixelsPerMeter: 50.0
17:05:04.386 [JavaFX Application Thread] DEBUG Engine               - overlayRoot: Group@17cc716d
17:05:04.386 [JavaFX Application Thread] DEBUG Engine               - appIcon: fxgl_icon.png
17:05:04.386 [JavaFX Application Thread] DEBUG Engine               - soundMenuBack: menu/back.wav
17:05:04.386 [JavaFX Application Thread] DEBUG Engine               - isFullScreenAllowed: true
17:05:04.387 [JavaFX Application Thread] DEBUG Engine               - isIntroEnabled: false
17:05:04.387 [JavaFX Application Thread] DEBUG Engine               - fontMono: lucida_console.ttf
17:05:04.387 [JavaFX Application Thread] DEBUG Engine               - soundMenuSelect: menu/select.wav
17:05:04.387 [JavaFX Application Thread] DEBUG Engine               - height: 720
17:05:04.387 [JavaFX Application Thread] DEBUG Engine               - isSingleStep: false
17:05:04.387 [JavaFX Application Thread] DEBUG Engine               - fontGame: Abel-Regular.ttf
17:05:04.387 [JavaFX Application Thread] DEBUG Engine               - menuKey: ESCAPE
17:05:04.387 [JavaFX Application Thread] DEBUG Engine               - versionCheckDays: 7
17:05:04.387 [JavaFX Application Thread] DEBUG Engine               - masterTimer: com.almasb.fxgl.time.Timer@31ea6b04
17:05:04.387 [JavaFX Application Thread] DEBUG Engine               - configClass: Optional.empty
17:05:04.387 [JavaFX Application Thread] DEBUG Engine               - version: 1.0
17:05:04.388 [JavaFX Application Thread] DEBUG Engine               - fullScreen: BooleanProperty [value: false]
17:05:04.388 [JavaFX Application Thread] DEBUG Engine               - dialogFactory: com.almasb.fxgl.ui.FXGLDialogFactory@61ab02e4
17:05:04.388 [JavaFX Application Thread] DEBUG Engine               - applicationMode: DEVELOPER
17:05:04.388 [JavaFX Application Thread] DEBUG Engine               - urlGoogleForms: https://goo.gl/forms/6wrMnOBxTE1fEpOy2
17:05:04.388 [JavaFX Application Thread] DEBUG Engine               - isMenuEnabled: false
17:05:04.388 [JavaFX Application Thread] DEBUG Engine               - urlPOM: https://raw.githubusercontent.com/AlmasB/FXGL/master/pom.xml
17:05:04.388 [JavaFX Application Thread] DEBUG Engine               - profileName: user.profile
17:05:04.388 [JavaFX Application Thread] DEBUG Engine               - notificationViewClass: class com.almasb.fxgl.notification.view.XboxNotificationView
17:05:04.388 [JavaFX Application Thread] DEBUG Engine               - sceneFactory: com.almasb.fxgl.app.SceneFactory@7c3e7a9
17:05:04.388 [JavaFX Application Thread] DEBUG Engine               - dataFileExt: .dat
17:05:04.388 [JavaFX Application Thread] DEBUG Engine               - stageStyle: DECORATED
17:05:04.389 [JavaFX Application Thread] DEBUG Engine               - isManualResizeEnabled: false
17:05:04.389 [JavaFX Application Thread] DEBUG Engine               - title: Finding Ribo
17:05:04.389 [JavaFX Application Thread] DEBUG Engine               - credits: []
17:05:04.389 [JavaFX Application Thread] DEBUG Engine               - uIFactory: com.almasb.fxgl.ui.FXGLUIFactory@328549dd
17:05:04.389 [JavaFX Application Thread] DEBUG Engine               - fontText: Courier-Prime.ttf
17:05:04.389 [JavaFX Application Thread] DEBUG Engine               - isExperimentalTiledLargeMap: false
17:05:04.389 [JavaFX Application Thread] DEBUG Engine               - secondsIn24h: 60
17:05:04.389 [JavaFX Application Thread] DEBUG Engine               - soundMenuPress: menu/press.wav
17:05:04.389 [JavaFX Application Thread] DEBUG Engine               - urlGithub: https://github.com/AlmasB/FXGL
17:05:04.389 [JavaFX Application Thread] DEBUG Engine               - profileDir: profiles/
17:05:04.390 [JavaFX Application Thread] DEBUG Engine               - urlLeaderboard: http://fxgl-top.herokuapp.com/
17:05:04.390 [JavaFX Application Thread] DEBUG Engine               - saveDir: saves/
17:05:04.390 [JavaFX Application Thread] DEBUG Engine               - engineServices: [class com.almasb.fxgl.audio.AudioPlayer, class com.almasb.fxgl.notification.impl.NotificationServiceProvider, class com.almasb.fxgl.achievement.AchievementManager]
17:05:04.390 [JavaFX Application Thread] DEBUG Engine               - width: 1280
17:05:04.390 [JavaFX Application Thread] DEBUG Engine               - saveFileExt: .sav
17:05:04.390 [JavaFX Application Thread] DEBUG Engine               - fontUI: VarelaRound-Regular.ttf
17:05:04.390 [JavaFX Application Thread] DEBUG Engine               - enabledMenuItems: []
17:05:04.406 [JavaFX Application Thread] INFO  Engine               - FXGL initialization took: 1.014 sec
17:05:04.406 [JavaFX Application Thread] DEBUG LoopRunner           - Starting loop
17:05:04.417 [JavaFX Application Thread] DEBUG StartupScene         - STARTUP
17:05:04.417 [JavaFX Application Thread] DEBUG Engine               - Starting new game
17:05:04.417 [JavaFX Application Thread] DEBUG AssetLoader          - Loading from disk: /assets/ui/css/fxgl_dark.css
17:05:04.418 [JavaFX Application Thread] DEBUG Input                - Clearing active input actions
17:05:04.435 [JavaFX Application Thread] DEBUG MainWindow           - StartupScene -> LoadingScene
17:05:04.441 [JavaFX Application Thread] DEBUG Engine               - Removing overlay from StartupScene and adding to LoadingScene
17:05:04.441 [FXGL Background Thread 1 ] DEBUG InitAppTask          - Clearing previous game
17:05:04.441 [FXGL Background Thread 1 ] DEBUG GameWorld            - Clearing game world
17:05:04.441 [FXGL Background Thread 1 ] DEBUG PhysicsWorld         - Clearing physics world
17:05:04.442 [FXGL Background Thread 1 ] DEBUG GameScene            - Clearing game scene
17:05:04.442 [FXGL Background Thread 1 ] DEBUG InitAppTask          - Initializing Game
17:05:04.444 [FXGL Background Thread 1 ] DEBUG AssetLoader          - Loading from disk: /assets/textures/splash.gif
17:05:07.505 [FXGL Background Thread 1 ] DEBUG InitAppTask          - Initializing Physics
17:05:07.505 [FXGL Background Thread 1 ] DEBUG InitAppTask          - Initializing UI
17:05:07.505 [FXGL Background Thread 1 ] DEBUG InitAppTask          - Initialization Complete
17:05:07.506 [FXGL Background Thread 1 ] INFO  InitAppTask          - Game initialization took: 3.065 sec
17:05:07.514 [JavaFX Application Thread] DEBUG AssetLoader          - Loading from disk: /assets/ui/css/fxgl_dark.css
17:05:07.515 [JavaFX Application Thread] DEBUG Input                - Clearing active input actions
17:05:07.526 [JavaFX Application Thread] DEBUG MainWindow           - LoadingScene -> GameScene
17:05:07.526 [JavaFX Application Thread] DEBUG Engine               - Removing overlay from LoadingScene and adding to GameScene
17:05:20.499 [JavaFX Application Thread] DEBUG AssetLoader          - Loading from disk: /assets/textures/home.gif
17:05:21.207 [JavaFX Application Thread] DEBUG AssetLoader          - Loading from disk: /assets/textures/play_button.png
17:05:21.209 [JavaFX Application Thread] DEBUG AssetLoader          - Loading from disk: /assets/textures/exit_button.png
17:05:23.843 [JavaFX Application Thread] DEBUG AssetLoader          - Loading from disk: /assets/textures/1.png
17:05:23.905 [JavaFX Application Thread] DEBUG AssetLoader          - Loading from disk: /assets/textures/next.png
17:05:27.662 [JavaFX Application Thread] DEBUG AssetLoader          - Loading from disk: /assets/textures/null.png
17:05:27.663 [JavaFX Application Thread] DEBUG AssetLoader          - Loading from cache: /assets/textures/null.png
17:05:27.663 [JavaFX Application Thread] DEBUG AssetLoader          - Loading from disk: /assets/textures/pb (1).png
17:05:27.706 [JavaFX Application Thread] DEBUG AssetLoader          - Loading from disk: /assets/textures/1 (1).jpg
17:05:27.714 [JavaFX Application Thread] DEBUG AssetLoader          - Loading from disk: /assets/textures/1 (2).jpg
17:05:27.715 [JavaFX Application Thread] DEBUG AssetLoader          - Loading from disk: /assets/textures/1 (3).jpg
17:05:27.716 [JavaFX Application Thread] DEBUG AssetLoader          - Loading from disk: /assets/textures/1 (4).jpg
17:05:27.718 [JavaFX Application Thread] DEBUG AssetLoader          - Loading from disk: /assets/textures/1 (5).jpg
17:05:27.719 [JavaFX Application Thread] DEBUG AssetLoader          - Loading from disk: /assets/textures/1 (6).jpg
17:05:27.720 [JavaFX Application Thread] DEBUG AssetLoader          - Loading from disk: /assets/textures/1 (7).jpg
17:05:27.723 [JavaFX Application Thread] DEBUG AssetLoader          - Loading from disk: /assets/textures/1 (8).jpg
17:05:27.723 [JavaFX Application Thread] DEBUG AssetLoader          - Loading from disk: /assets/textures/1 (9).jpg
17:05:27.724 [JavaFX Application Thread] DEBUG AssetLoader          - Loading from disk: /assets/textures/1 (10).jpg
17:05:27.725 [JavaFX Application Thread] DEBUG AssetLoader          - Loading from disk: /assets/textures/1 (11).jpg
17:05:27.727 [JavaFX Application Thread] DEBUG AssetLoader          - Loading from disk: /assets/textures/1 (12).jpg
17:05:27.728 [JavaFX Application Thread] DEBUG AssetLoader          - Loading from disk: /assets/textures/1 (13).jpg
17:05:27.729 [JavaFX Application Thread] DEBUG AssetLoader          - Loading from disk: /assets/textures/1 (14).jpg
17:05:27.731 [JavaFX Application Thread] DEBUG AssetLoader          - Loading from disk: /assets/textures/1 (15).jpg
17:05:27.732 [JavaFX Application Thread] DEBUG AssetLoader          - Loading from disk: /assets/textures/1 (16).jpg
17:05:46.548 [JavaFX Application Thread] DEBUG AssetLoader          - Loading from cache: /assets/textures/null.png
17:05:46.548 [JavaFX Application Thread] DEBUG AssetLoader          - Loading from cache: /assets/textures/null.png
17:05:46.548 [JavaFX Application Thread] DEBUG AssetLoader          - Loading from cache: /assets/textures/null.png
17:05:46.548 [JavaFX Application Thread] DEBUG AssetLoader          - Loading from cache: /assets/textures/null.png
17:05:46.549 [JavaFX Application Thread] DEBUG AssetLoader          - Loading from cache: /assets/textures/null.png
17:05:46.549 [JavaFX Application Thread] DEBUG AssetLoader          - Loading from cache: /assets/textures/null.png
17:05:46.549 [JavaFX Application Thread] DEBUG AssetLoader          - Loading from cache: /assets/textures/null.png
17:05:46.549 [JavaFX Application Thread] DEBUG AssetLoader          - Loading from cache: /assets/textures/null.png
17:05:46.549 [JavaFX Application Thread] DEBUG AssetLoader          - Loading from cache: /assets/textures/null.png
17:05:46.549 [JavaFX Application Thread] DEBUG AssetLoader          - Loading from cache: /assets/textures/null.png
17:05:46.549 [JavaFX Application Thread] DEBUG AssetLoader          - Loading from cache: /assets/textures/null.png
17:05:46.550 [JavaFX Application Thread] DEBUG AssetLoader          - Loading from cache: /assets/textures/null.png
17:05:46.550 [JavaFX Application Thread] DEBUG AssetLoader          - Loading from cache: /assets/textures/null.png
17:05:46.550 [JavaFX Application Thread] DEBUG AssetLoader          - Loading from cache: /assets/textures/null.png
17:05:46.550 [JavaFX Application Thread] DEBUG AssetLoader          - Loading from cache: /assets/textures/null.png
17:05:46.550 [JavaFX Application Thread] DEBUG AssetLoader          - Loading from cache: /assets/textures/null.png
17:05:46.551 [JavaFX Application Thread] DEBUG AssetLoader          - Loading from disk: /assets/textures/2.1.png
17:05:46.604 [JavaFX Application Thread] DEBUG AssetLoader          - Loading from cache: /assets/textures/next.png
17:05:50.058 [JavaFX Application Thread] DEBUG AssetLoader          - Loading from disk: /assets/textures/2.2.png
17:05:50.094 [JavaFX Application Thread] DEBUG AssetLoader          - Loading from disk: /assets/textures/ok.png
17:05:52.545 [JavaFX Application Thread] DEBUG AssetLoader          - Loading from cache: /assets/textures/null.png
17:05:52.546 [JavaFX Application Thread] DEBUG AssetLoader          - Loading from cache: /assets/textures/null.png
17:05:52.546 [JavaFX Application Thread] DEBUG AssetLoader          - Loading from disk: /assets/textures/pb (2).png
17:05:52.584 [JavaFX Application Thread] DEBUG AssetLoader          - Loading from disk: /assets/textures/2 (4).png
17:05:52.585 [JavaFX Application Thread] DEBUG AssetLoader          - Loading from disk: /assets/textures/2 (5).png
17:05:52.586 [JavaFX Application Thread] DEBUG AssetLoader          - Loading from disk: /assets/textures/2 (2).png
17:05:52.588 [JavaFX Application Thread] DEBUG AssetLoader          - Loading from disk: /assets/textures/2 (7).png
17:05:52.589 [JavaFX Application Thread] DEBUG AssetLoader          - Loading from disk: /assets/textures/2 (1).png
17:05:52.591 [JavaFX Application Thread] DEBUG AssetLoader          - Loading from cache: /assets/textures/2 (1).png
17:05:52.591 [JavaFX Application Thread] DEBUG AssetLoader          - Loading from disk: /assets/textures/2 (6).png
17:05:52.592 [JavaFX Application Thread] DEBUG AssetLoader          - Loading from disk: /assets/textures/2 (3).png
17:05:52.593 [JavaFX Application Thread] DEBUG AssetLoader          - Loading from cache: /assets/textures/2 (5).png
17:05:52.593 [JavaFX Application Thread] DEBUG AssetLoader          - Loading from disk: /assets/textures/2 (8).png
17:05:52.594 [JavaFX Application Thread] DEBUG AssetLoader          - Loading from cache: /assets/textures/2 (2).png
17:05:52.595 [JavaFX Application Thread] DEBUG AssetLoader          - Loading from cache: /assets/textures/2 (3).png
17:05:52.595 [JavaFX Application Thread] DEBUG AssetLoader          - Loading from cache: /assets/textures/2 (6).png
17:05:52.595 [JavaFX Application Thread] DEBUG AssetLoader          - Loading from cache: /assets/textures/2 (8).png
17:05:52.595 [JavaFX Application Thread] DEBUG AssetLoader          - Loading from cache: /assets/textures/2 (7).png
17:05:52.595 [JavaFX Application Thread] DEBUG AssetLoader          - Loading from cache: /assets/textures/2 (4).png
17:05:57.378 [JavaFX Application Thread] DEBUG AssetLoader          - Loading from disk: /assets/textures/temp.png
17:05:57.379 [JavaFX Application Thread] DEBUG AssetLoader          - Loading from cache: /assets/textures/temp.png
17:05:57.379 [JavaFX Application Thread] DEBUG AssetLoader          - Loading from cache: /assets/textures/temp.png
17:05:57.380 [JavaFX Application Thread] DEBUG AssetLoader          - Loading from cache: /assets/textures/temp.png
17:05:57.380 [JavaFX Application Thread] DEBUG AssetLoader          - Loading from cache: /assets/textures/temp.png
17:05:57.380 [JavaFX Application Thread] DEBUG AssetLoader          - Loading from cache: /assets/textures/temp.png
17:05:57.380 [JavaFX Application Thread] DEBUG AssetLoader          - Loading from cache: /assets/textures/temp.png
17:05:57.380 [JavaFX Application Thread] DEBUG AssetLoader          - Loading from cache: /assets/textures/temp.png
17:05:57.380 [JavaFX Application Thread] DEBUG AssetLoader          - Loading from cache: /assets/textures/temp.png
17:05:57.381 [JavaFX Application Thread] DEBUG AssetLoader          - Loading from cache: /assets/textures/temp.png
17:05:57.381 [JavaFX Application Thread] DEBUG AssetLoader          - Loading from cache: /assets/textures/temp.png
17:05:57.381 [JavaFX Application Thread] DEBUG AssetLoader          - Loading from cache: /assets/textures/temp.png
17:05:57.381 [JavaFX Application Thread] DEBUG AssetLoader          - Loading from cache: /assets/textures/temp.png
17:05:57.381 [JavaFX Application Thread] DEBUG AssetLoader          - Loading from cache: /assets/textures/temp.png
17:05:57.381 [JavaFX Application Thread] DEBUG AssetLoader          - Loading from cache: /assets/textures/temp.png
17:05:57.382 [JavaFX Application Thread] DEBUG AssetLoader          - Loading from cache: /assets/textures/temp.png
17:05:58.545 [JavaFX Application Thread] DEBUG AssetLoader          - Loading from cache: /assets/textures/2 (5).png
17:05:59.538 [JavaFX Application Thread] DEBUG AssetLoader          - Loading from cache: /assets/textures/2 (5).png
17:06:00.381 [JavaFX Application Thread] DEBUG AssetLoader          - Loading from cache: /assets/textures/2 (1).png
17:06:01.143 [JavaFX Application Thread] DEBUG AssetLoader          - Loading from cache: /assets/textures/2 (1).png
17:06:02.046 [JavaFX Application Thread] DEBUG AssetLoader          - Loading from cache: /assets/textures/2 (2).png
17:06:09.188 [JavaFX Application Thread] DEBUG AssetLoader          - Loading from cache: /assets/textures/2 (4).png
17:06:10.626 [JavaFX Application Thread] DEBUG AssetLoader          - Loading from cache: /assets/textures/temp.png
17:06:10.626 [JavaFX Application Thread] DEBUG AssetLoader          - Loading from cache: /assets/textures/temp.png
17:06:12.118 [JavaFX Application Thread] DEBUG AssetLoader          - Loading from cache: /assets/textures/2 (7).png
17:06:13.170 [JavaFX Application Thread] DEBUG AssetLoader          - Loading from cache: /assets/textures/2 (6).png
17:06:14.610 [JavaFX Application Thread] DEBUG AssetLoader          - Loading from cache: /assets/textures/temp.png
17:06:14.610 [JavaFX Application Thread] DEBUG AssetLoader          - Loading from cache: /assets/textures/temp.png
17:06:15.217 [JavaFX Application Thread] DEBUG AssetLoader          - Loading from cache: /assets/textures/2 (3).png
17:06:16.582 [JavaFX Application Thread] DEBUG AssetLoader          - Loading from cache: /assets/textures/2 (2).png
17:06:18.018 [JavaFX Application Thread] DEBUG AssetLoader          - Loading from cache: /assets/textures/temp.png
17:06:18.020 [JavaFX Application Thread] DEBUG AssetLoader          - Loading from cache: /assets/textures/temp.png
17:06:18.498 [JavaFX Application Thread] DEBUG AssetLoader          - Loading from cache: /assets/textures/2 (4).png
17:06:20.234 [JavaFX Application Thread] DEBUG AssetLoader          - Loading from cache: /assets/textures/2 (3).png
17:06:21.666 [JavaFX Application Thread] DEBUG AssetLoader          - Loading from cache: /assets/textures/temp.png
17:06:21.668 [JavaFX Application Thread] DEBUG AssetLoader          - Loading from cache: /assets/textures/temp.png
17:06:22.159 [JavaFX Application Thread] DEBUG AssetLoader          - Loading from cache: /assets/textures/2 (3).png
17:06:23.013 [JavaFX Application Thread] DEBUG AssetLoader          - Loading from cache: /assets/textures/2 (3).png
17:06:24.127 [JavaFX Application Thread] DEBUG AssetLoader          - Loading from cache: /assets/textures/2 (2).png
17:06:25.551 [JavaFX Application Thread] DEBUG AssetLoader          - Loading from cache: /assets/textures/2 (2).png
17:06:26.845 [JavaFX Application Thread] DEBUG AssetLoader          - Loading from cache: /assets/textures/2 (7).png
17:06:28.149 [JavaFX Application Thread] DEBUG AssetLoader          - Loading from cache: /assets/textures/2 (7).png
17:06:29.544 [JavaFX Application Thread] DEBUG AssetLoader          - Loading from cache: /assets/textures/2 (4).png
17:06:30.897 [JavaFX Application Thread] DEBUG AssetLoader          - Loading from cache: /assets/textures/2 (4).png
17:06:32.032 [JavaFX Application Thread] DEBUG AssetLoader          - Loading from cache: /assets/textures/2 (6).png
17:06:32.955 [JavaFX Application Thread] DEBUG AssetLoader          - Loading from cache: /assets/textures/2 (8).png
17:06:34.386 [JavaFX Application Thread] DEBUG AssetLoader          - Loading from cache: /assets/textures/temp.png
17:06:34.387 [JavaFX Application Thread] DEBUG AssetLoader          - Loading from cache: /assets/textures/temp.png
17:06:34.860 [JavaFX Application Thread] DEBUG AssetLoader          - Loading from cache: /assets/textures/2 (8).png
17:06:35.804 [JavaFX Application Thread] DEBUG AssetLoader          - Loading from cache: /assets/textures/2 (8).png
17:06:36.686 [JavaFX Application Thread] DEBUG AssetLoader          - Loading from cache: /assets/textures/2 (6).png
17:06:37.770 [JavaFX Application Thread] DEBUG AssetLoader          - Loading from cache: /assets/textures/2 (6).png
17:06:37.770 [JavaFX Application Thread] DEBUG AssetLoader          - Loading from cache: /assets/textures/null.png
17:06:37.770 [JavaFX Application Thread] DEBUG AssetLoader          - Loading from cache: /assets/textures/null.png
17:06:37.771 [JavaFX Application Thread] DEBUG AssetLoader          - Loading from cache: /assets/textures/null.png
17:06:37.771 [JavaFX Application Thread] DEBUG AssetLoader          - Loading from cache: /assets/textures/null.png
17:06:37.771 [JavaFX Application Thread] DEBUG AssetLoader          - Loading from cache: /assets/textures/null.png
17:06:37.772 [JavaFX Application Thread] DEBUG AssetLoader          - Loading from cache: /assets/textures/null.png
17:06:37.772 [JavaFX Application Thread] DEBUG AssetLoader          - Loading from cache: /assets/textures/null.png
17:06:37.772 [JavaFX Application Thread] DEBUG AssetLoader          - Loading from cache: /assets/textures/null.png
17:06:37.772 [JavaFX Application Thread] DEBUG AssetLoader          - Loading from cache: /assets/textures/null.png
17:06:37.773 [JavaFX Application Thread] DEBUG AssetLoader          - Loading from cache: /assets/textures/null.png
17:06:37.773 [JavaFX Application Thread] DEBUG AssetLoader          - Loading from cache: /assets/textures/null.png
17:06:37.773 [JavaFX Application Thread] DEBUG AssetLoader          - Loading from cache: /assets/textures/null.png
17:06:37.773 [JavaFX Application Thread] DEBUG AssetLoader          - Loading from cache: /assets/textures/null.png
17:06:37.774 [JavaFX Application Thread] DEBUG AssetLoader          - Loading from cache: /assets/textures/null.png
17:06:37.774 [JavaFX Application Thread] DEBUG AssetLoader          - Loading from cache: /assets/textures/null.png
17:06:37.774 [JavaFX Application Thread] DEBUG AssetLoader          - Loading from cache: /assets/textures/null.png
17:06:37.774 [JavaFX Application Thread] DEBUG AssetLoader          - Loading from disk: /assets/textures/3.png
17:06:37.853 [JavaFX Application Thread] DEBUG AssetLoader          - Loading from cache: /assets/textures/next.png
17:06:40.419 [JavaFX Application Thread] DEBUG AssetLoader          - Loading from cache: /assets/textures/null.png
17:06:40.420 [JavaFX Application Thread] DEBUG AssetLoader          - Loading from cache: /assets/textures/null.png
17:06:40.420 [JavaFX Application Thread] DEBUG AssetLoader          - Loading from disk: /assets/textures/pb (3).png
17:06:40.551 [JavaFX Application Thread] DEBUG AssetLoader          - Loading from disk: /assets/textures/3 (12).jpg
17:06:40.553 [JavaFX Application Thread] DEBUG AssetLoader          - Loading from disk: /assets/textures/3 (8).jpg
17:06:40.554 [JavaFX Application Thread] DEBUG AssetLoader          - Loading from disk: /assets/textures/3 (3).jpg
17:06:40.556 [JavaFX Application Thread] DEBUG AssetLoader          - Loading from disk: /assets/textures/3 (7).jpg
17:06:40.558 [JavaFX Application Thread] DEBUG AssetLoader          - Loading from disk: /assets/textures/3 (13).jpg
17:06:40.559 [JavaFX Application Thread] DEBUG AssetLoader          - Loading from disk: /assets/textures/3 (16).jpg
17:06:40.561 [JavaFX Application Thread] DEBUG AssetLoader          - Loading from disk: /assets/textures/3 (2).jpg
17:06:40.562 [JavaFX Application Thread] DEBUG AssetLoader          - Loading from disk: /assets/textures/3 (9).jpg
17:06:40.564 [JavaFX Application Thread] DEBUG AssetLoader          - Loading from disk: /assets/textures/3 (15).jpg
17:06:40.565 [JavaFX Application Thread] DEBUG AssetLoader          - Loading from disk: /assets/textures/3 (4).jpg
17:06:40.566 [JavaFX Application Thread] DEBUG AssetLoader          - Loading from disk: /assets/textures/3 (1).jpg
17:06:40.568 [JavaFX Application Thread] DEBUG AssetLoader          - Loading from disk: /assets/textures/3 (6).jpg
17:06:40.569 [JavaFX Application Thread] DEBUG AssetLoader          - Loading from disk: /assets/textures/3 (10).jpg
17:06:40.571 [JavaFX Application Thread] DEBUG AssetLoader          - Loading from disk: /assets/textures/3 (11).jpg
17:06:40.573 [JavaFX Application Thread] DEBUG AssetLoader          - Loading from disk: /assets/textures/3 (5).jpg
17:06:40.574 [JavaFX Application Thread] DEBUG AssetLoader          - Loading from disk: /assets/textures/3 (14).jpg
17:06:40.576 [JavaFX Application Thread] DEBUG Input                - Mocking button press: LMB at 1208.8, 669.6
17:06:56.723 [JavaFX Application Thread] DEBUG AssetLoader          - Loading from disk: /assets/textures/effect_level2.png
17:06:58.349 [JavaFX Application Thread] DEBUG AssetLoader          - Loading from cache: /assets/textures/effect_level2.png
17:06:59.181 [JavaFX Application Thread] DEBUG AssetLoader          - Loading from cache: /assets/textures/effect_level2.png
17:07:01.178 [JavaFX Application Thread] DEBUG AssetLoader          - Loading from cache: /assets/textures/effect_level2.png
17:07:02.914 [JavaFX Application Thread] DEBUG AssetLoader          - Loading from cache: /assets/textures/effect_level2.png
17:07:04.620 [JavaFX Application Thread] DEBUG AssetLoader          - Loading from cache: /assets/textures/effect_level2.png
17:07:06.315 [JavaFX Application Thread] DEBUG AssetLoader          - Loading from cache: /assets/textures/effect_level2.png
17:07:08.111 [JavaFX Application Thread] DEBUG AssetLoader          - Loading from cache: /assets/textures/effect_level2.png
17:07:10.007 [JavaFX Application Thread] DEBUG AssetLoader          - Loading from cache: /assets/textures/effect_level2.png
17:07:11.441 [JavaFX Application Thread] DEBUG AssetLoader          - Loading from cache: /assets/textures/effect_level2.png
17:07:13.056 [JavaFX Application Thread] DEBUG AssetLoader          - Loading from cache: /assets/textures/effect_level2.png
17:07:15.475 [JavaFX Application Thread] DEBUG AssetLoader          - Loading from cache: /assets/textures/effect_level2.png
17:07:17.361 [JavaFX Application Thread] DEBUG AssetLoader          - Loading from cache: /assets/textures/effect_level2.png
17:07:19.307 [JavaFX Application Thread] DEBUG AssetLoader          - Loading from cache: /assets/textures/effect_level2.png
17:07:21.885 [JavaFX Application Thread] DEBUG AssetLoader          - Loading from cache: /assets/textures/effect_level2.png
17:07:24.885 [JavaFX Application Thread] DEBUG AssetLoader          - Loading from cache: /assets/textures/effect_level2.png
17:07:25.921 [JavaFX Application Thread] DEBUG AssetLoader          - Loading from cache: /assets/textures/null.png
17:07:25.922 [JavaFX Application Thread] DEBUG AssetLoader          - Loading from cache: /assets/textures/null.png
17:07:25.922 [JavaFX Application Thread] DEBUG AssetLoader          - Loading from cache: /assets/textures/null.png
17:07:25.923 [JavaFX Application Thread] DEBUG AssetLoader          - Loading from cache: /assets/textures/null.png
17:07:25.923 [JavaFX Application Thread] DEBUG AssetLoader          - Loading from cache: /assets/textures/null.png
17:07:25.924 [JavaFX Application Thread] DEBUG AssetLoader          - Loading from cache: /assets/textures/null.png
17:07:25.924 [JavaFX Application Thread] DEBUG AssetLoader          - Loading from cache: /assets/textures/null.png
17:07:25.925 [JavaFX Application Thread] DEBUG AssetLoader          - Loading from cache: /assets/textures/null.png
17:07:25.925 [JavaFX Application Thread] DEBUG AssetLoader          - Loading from cache: /assets/textures/null.png
17:07:25.925 [JavaFX Application Thread] DEBUG AssetLoader          - Loading from cache: /assets/textures/null.png
17:07:25.926 [JavaFX Application Thread] DEBUG AssetLoader          - Loading from cache: /assets/textures/null.png
17:07:25.926 [JavaFX Application Thread] DEBUG AssetLoader          - Loading from cache: /assets/textures/null.png
17:07:25.927 [JavaFX Application Thread] DEBUG AssetLoader          - Loading from cache: /assets/textures/null.png
17:07:25.927 [JavaFX Application Thread] DEBUG AssetLoader          - Loading from cache: /assets/textures/null.png
17:07:25.928 [JavaFX Application Thread] DEBUG AssetLoader          - Loading from cache: /assets/textures/null.png
17:07:25.929 [JavaFX Application Thread] DEBUG AssetLoader          - Loading from cache: /assets/textures/null.png
17:07:25.929 [JavaFX Application Thread] DEBUG AssetLoader          - Loading from disk: /assets/textures/4.1.png
17:07:26.109 [JavaFX Application Thread] DEBUG AssetLoader          - Loading from cache: /assets/textures/next.png
17:07:29.880 [JavaFX Application Thread] DEBUG AssetLoader          - Loading from disk: /assets/textures/4.2.png
17:07:30.583 [JavaFX Application Thread] DEBUG AssetLoader          - Loading from disk: /assets/textures/4.3.png
17:07:31.265 [JavaFX Application Thread] DEBUG AssetLoader          - Loading from disk: /assets/textures/4.4.png
17:07:31.998 [JavaFX Application Thread] DEBUG AssetLoader          - Loading from cache: /assets/textures/null.png
17:07:31.999 [JavaFX Application Thread] DEBUG AssetLoader          - Loading from cache: /assets/textures/null.png
17:07:31.999 [JavaFX Application Thread] DEBUG AssetLoader          - Loading from disk: /assets/textures/pb (4).png
17:07:32.063 [JavaFX Application Thread] DEBUG AssetLoader          - Loading from disk: /assets/textures/lock_screen (1).png
17:07:32.068 [JavaFX Application Thread] DEBUG AssetLoader          - Loading from disk: /assets/textures/lock_screen (2).png
17:07:32.072 [JavaFX Application Thread] DEBUG AssetLoader          - Loading from disk: /assets/textures/lock_screen (3).png
17:07:32.076 [JavaFX Application Thread] DEBUG AssetLoader          - Loading from disk: /assets/textures/lock_screen (4).png
17:07:33.694 [JavaFX Application Thread] DEBUG AssetLoader          - Loading from disk: /assets/textures/5.1.png
17:07:33.841 [JavaFX Application Thread] DEBUG AssetLoader          - Loading from cache: /assets/textures/next.png
17:07:36.231 [JavaFX Application Thread] DEBUG AssetLoader          - Loading from disk: /assets/textures/5.2.png
17:07:37.063 [JavaFX Application Thread] DEBUG AssetLoader          - Loading from cache: /assets/textures/null.png
17:07:37.064 [JavaFX Application Thread] DEBUG AssetLoader          - Loading from cache: /assets/textures/null.png
17:07:37.064 [JavaFX Application Thread] DEBUG AssetLoader          - Loading from disk: /assets/textures/pb (5).png
17:07:37.133 [JavaFX Application Thread] DEBUG AssetLoader          - Loading from disk: /assets/textures/5 (12).png
17:07:37.136 [JavaFX Application Thread] DEBUG AssetLoader          - Loading from disk: /assets/textures/5 (3).png
17:07:37.138 [JavaFX Application Thread] DEBUG AssetLoader          - Loading from disk: /assets/textures/5 (14).png
17:07:37.141 [JavaFX Application Thread] DEBUG AssetLoader          - Loading from disk: /assets/textures/5 (9).png
17:07:37.144 [JavaFX Application Thread] DEBUG AssetLoader          - Loading from disk: /assets/textures/5 (8).png
17:07:37.147 [JavaFX Application Thread] DEBUG AssetLoader          - Loading from disk: /assets/textures/5 (7).png
17:07:37.150 [JavaFX Application Thread] DEBUG AssetLoader          - Loading from disk: /assets/textures/5 (13).png
17:07:37.152 [JavaFX Application Thread] DEBUG AssetLoader          - Loading from disk: /assets/textures/5 (6).png
17:07:37.155 [JavaFX Application Thread] DEBUG AssetLoader          - Loading from disk: /assets/textures/5 (15).png
17:07:37.158 [JavaFX Application Thread] DEBUG AssetLoader          - Loading from disk: /assets/textures/5 (1).png
17:07:37.161 [JavaFX Application Thread] DEBUG AssetLoader          - Loading from disk: /assets/textures/5 (5).png
17:07:37.163 [JavaFX Application Thread] DEBUG AssetLoader          - Loading from disk: /assets/textures/5 (10).png
17:07:37.167 [JavaFX Application Thread] DEBUG AssetLoader          - Loading from disk: /assets/textures/5 (16).png
17:07:37.168 [JavaFX Application Thread] DEBUG AssetLoader          - Loading from disk: /assets/textures/5 (11).png
17:07:37.173 [JavaFX Application Thread] DEBUG AssetLoader          - Loading from disk: /assets/textures/5 (2).png
17:07:37.177 [JavaFX Application Thread] DEBUG AssetLoader          - Loading from disk: /assets/textures/5 (4).png
17:08:01.790 [JavaFX Application Thread] DEBUG MainWindow           - Push state: DialogSubState
17:08:01.791 [JavaFX Application Thread] DEBUG Input                - Clearing active input actions
17:08:01.791 [JavaFX Application Thread] DEBUG MainWindow           - GameScene -> DialogSubState
17:08:01.803 [JavaFX Application Thread] DEBUG Engine               - Removing overlay from GameScene and adding to DialogSubState
17:08:03.632 [JavaFX Application Thread] DEBUG MainWindow           - Pop state: DialogSubState
17:08:03.632 [JavaFX Application Thread] DEBUG Input                - Clearing active input actions
17:08:03.633 [JavaFX Application Thread] DEBUG Engine               - Removing overlay from DialogSubState and adding to GameScene
17:08:03.633 [JavaFX Application Thread] DEBUG MainWindow           - GameScene <- DialogSubState
17:08:03.633 [JavaFX Application Thread] DEBUG Engine               - Exiting FXGL
17:08:03.633 [JavaFX Application Thread] DEBUG Engine               - Shutting down background threads
17:08:03.633 [JavaFX Application Thread] DEBUG Engine               - Saving FXGL system data
17:08:03.636 [JavaFX Application Thread] DEBUG MobileFSService      - Writing to: C:\Users\Kafi\Downloads\javafx-workshop-master\Finding_Ribo\system\fxgl.bundle
17:08:03.688 [JavaFX Application Thread] DEBUG Engine               - Closing logger and exiting JavaFX
