15:17:33.016 [main                     ] DEBUG GameApplication      - Logger initialized
15:17:33.037 [main                     ] DEBUG GameApplication      - Logging settings
Title: Finding Ribo
Version: 1.0
Width: 1280
Height: 720
Fullscreen: true
Intro: false
Menus: false
Profiling: false
Single step:false
App Mode: DEVELOPER
Menu Key: ESCAPE
Stage Style: DECORATED
Scene Factory: class com.almasb.fxgl.app.SceneFactory
Dialog Factory: class com.almasb.fxgl.ui.FXGLDialogFactory
UI Factory: class com.almasb.fxgl.ui.FXGLUIFactory

15:17:33.587 [JavaFX Application Thread] DEBUG Engine               - Initializing FXGL
15:17:33.597 [JavaFX Application Thread] INFO  Engine               - FXGL-11.2-beta on DESKTOP
15:17:33.597 [JavaFX Application Thread] INFO  Engine               - Source code and latest versions at: https://github.com/AlmasB/FXGL
15:17:33.598 [JavaFX Application Thread] INFO  Engine               -              Join the FXGL chat at: https://gitter.im/AlmasB/FXGL
15:17:33.605 [JavaFX Application Thread] DEBUG Engine               - Adding new engine service: class com.almasb.fxgl.audio.AudioPlayer
15:17:33.608 [JavaFX Application Thread] DEBUG Engine               - Adding new engine service: class com.almasb.fxgl.notification.impl.NotificationServiceProvider
15:17:33.610 [JavaFX Application Thread] DEBUG Engine               - Adding new engine service: class com.almasb.fxgl.achievement.AchievementManager
15:17:33.611 [JavaFX Application Thread] DEBUG Engine               - Adding new engine service: class com.almasb.fxgl.dev.DevService
15:17:33.646 [JavaFX Application Thread] DEBUG SaveLoadManager      - Checking profiles dir: profiles/
15:17:33.651 [JavaFX Application Thread] DEBUG FS                   - Loaded MobileFSService
15:17:33.651 [JavaFX Application Thread] DEBUG Engine               - Loading localizations
15:17:33.669 [JavaFX Application Thread] DEBUG AssetLoader          - Loading from disk: /assets/properties/languages/english.properties
15:17:33.675 [JavaFX Application Thread] DEBUG AssetLoader          - Loading from disk: /assets/properties/languages/french.properties
15:17:33.678 [JavaFX Application Thread] DEBUG AssetLoader          - Loading from disk: /assets/properties/languages/german.properties
15:17:33.680 [JavaFX Application Thread] DEBUG AssetLoader          - Loading from disk: /assets/properties/languages/russian.properties
15:17:33.692 [JavaFX Application Thread] DEBUG AssetLoader          - Loading from disk: /assets/properties/languages/hungarian.properties
15:17:33.695 [JavaFX Application Thread] DEBUG Engine               - Registering font factories
15:17:33.696 [JavaFX Application Thread] DEBUG AssetLoader          - Loading from disk: /assets/ui/fonts/VarelaRound-Regular.ttf
15:17:34.041 [JavaFX Application Thread] DEBUG AssetLoader          - Loading from disk: /assets/ui/fonts/Abel-Regular.ttf
15:17:34.058 [JavaFX Application Thread] DEBUG AssetLoader          - Loading from disk: /assets/ui/fonts/lucida_console.ttf
15:17:34.079 [JavaFX Application Thread] DEBUG AssetLoader          - Loading from disk: /assets/ui/fonts/Courier-Prime.ttf
15:17:34.097 [JavaFX Application Thread] DEBUG Engine               - Setting UI factory
15:17:34.225 [JavaFX Application Thread] DEBUG AssetLoader          - Loading from disk: /assets/ui/cursors/fxgl_default.png
15:17:34.325 [JavaFX Application Thread] DEBUG MainWindow           - Creating a JavaFX scene
15:17:34.385 [JavaFX Application Thread] DEBUG MainWindow           - Target settings size: 1280.0 x 720.0
15:17:34.385 [JavaFX Application Thread] DEBUG MainWindow           - Scaled scene size:    1280.0 x 720.0
15:17:34.385 [JavaFX Application Thread] DEBUG MainWindow           - Scaled ratio: (1.0, 1.0)
15:17:34.386 [JavaFX Application Thread] DEBUG AssetLoader          - Loading from disk: /assets/ui/css/fxgl_dark.css
15:17:34.387 [JavaFX Application Thread] DEBUG Input                - Clearing active input actions
15:17:34.387 [JavaFX Application Thread] DEBUG MainWindow           - StartupScene -> StartupScene
15:17:34.389 [JavaFX Application Thread] DEBUG AssetLoader          - Loading from disk: /assets/textures/fxgl_icon.png
15:17:34.413 [JavaFX Application Thread] DEBUG MainWindow           - Opening main window
15:17:34.619 [JavaFX Application Thread] DEBUG MainWindow           - Window border size: (14.4000244140625, 37.5999755859375)
15:17:34.619 [JavaFX Application Thread] DEBUG MainWindow           - Scaled size: 1280.0 x 720.0
15:17:34.620 [JavaFX Application Thread] DEBUG MainWindow           - Scaled ratio: (1.0, 1.0)
15:17:34.620 [JavaFX Application Thread] DEBUG MainWindow           - Scene size: 1280.0 x 720.0
15:17:34.621 [JavaFX Application Thread] DEBUG MainWindow           - Stage size: 1294.4000244140625 x 757.5999755859375
15:17:34.638 [FXGL Background Thread 1 ] DEBUG Engine               - Loading FXGL system data
15:17:34.651 [FXGL Background Thread 1 ] DEBUG MobileFSService      - Reading from: C:\Users\Kafi\Downloads\javafx-workshop-master\Finding_Ribo\system\fxgl.bundle
15:17:34.674 [FXGL Background Thread 1 ] DEBUG Engine               - Bundle FXGL: {}
15:17:34.674 [FXGL Background Thread 1 ] DEBUG Engine               - Initializing application scenes
15:17:34.677 [FXGL Background Thread 1 ] DEBUG AssetLoader          - Loading from disk: /assets/ui/cursors/fxgl_default.png
15:17:34.705 [FXGL Background Thread 1 ] DEBUG GameWorld            - Game world initialized
15:17:34.811 [FXGL Background Thread 1 ] DEBUG PhysicsWorld         - Physics world initialized: appHeight=720, physics.ppm=50.0
15:17:34.812 [FXGL Background Thread 1 ] DEBUG AssetLoader          - Loading from disk: /assets/ui/cursors/fxgl_default.png
15:17:34.819 [FXGL Background Thread 1 ] DEBUG GameScene            - Game scene initialized: 1280x720
15:17:34.872 [FXGL Background Thread 1 ] DEBUG Input                - Registered new binding: Pause - Esc
15:17:34.872 [FXGL Background Thread 1 ] DEBUG Engine               - Application scenes initialized
15:17:34.878 [JavaFX Application Thread] DEBUG Engine               - Running preInit()
15:17:34.882 [JavaFX Application Thread] DEBUG Input                - Registered new binding: Mouse Click - LMB
15:17:34.884 [JavaFX Application Thread] DEBUG Input                - Registered new binding: Screenshot - P
15:17:34.885 [JavaFX Application Thread] DEBUG Input                - Registered new binding: Dev Options - 1
15:17:34.886 [JavaFX Application Thread] DEBUG Input                - Registered new binding: System info dump - CTRL+9
15:17:34.887 [JavaFX Application Thread] DEBUG Input                - Registered new binding: Restart - CTRL+R
15:17:34.887 [JavaFX Application Thread] DEBUG Engine               - generateDefaultProfile()
15:17:34.887 [JavaFX Application Thread] DEBUG Engine               - Creating default profile
15:17:34.888 [JavaFX Application Thread] DEBUG EventBus             - Firing event: SaveEvent
15:17:34.903 [JavaFX Application Thread] DEBUG Engine               - Logging environment variables
15:17:34.903 [JavaFX Application Thread] DEBUG Engine               - achievementStores: []
15:17:34.903 [JavaFX Application Thread] DEBUG Engine               - cSS: fxgl_dark.css
15:17:34.904 [JavaFX Application Thread] DEBUG Engine               - language: ObjectProperty [value: ENGLISH]
15:17:34.905 [JavaFX Application Thread] DEBUG Engine               - isCloseConfirmation: true
15:17:34.905 [JavaFX Application Thread] DEBUG Engine               - isProfilingEnabled: false
15:17:34.905 [JavaFX Application Thread] DEBUG Engine               - soundNotification: core/notification.wav
15:17:34.905 [JavaFX Application Thread] DEBUG Engine               - pixelsPerMeter: 50.0
15:17:34.905 [JavaFX Application Thread] DEBUG Engine               - overlayRoot: Group@24b00c20
15:17:34.905 [JavaFX Application Thread] DEBUG Engine               - appIcon: fxgl_icon.png
15:17:34.905 [JavaFX Application Thread] DEBUG Engine               - soundMenuBack: menu/back.wav
15:17:34.905 [JavaFX Application Thread] DEBUG Engine               - isFullScreenAllowed: true
15:17:34.905 [JavaFX Application Thread] DEBUG Engine               - isIntroEnabled: false
15:17:34.905 [JavaFX Application Thread] DEBUG Engine               - fontMono: lucida_console.ttf
15:17:34.905 [JavaFX Application Thread] DEBUG Engine               - soundMenuSelect: menu/select.wav
15:17:34.905 [JavaFX Application Thread] DEBUG Engine               - height: 720
15:17:34.905 [JavaFX Application Thread] DEBUG Engine               - isSingleStep: false
15:17:34.905 [JavaFX Application Thread] DEBUG Engine               - fontGame: Abel-Regular.ttf
15:17:34.906 [JavaFX Application Thread] DEBUG Engine               - menuKey: ESCAPE
15:17:34.907 [JavaFX Application Thread] DEBUG Engine               - versionCheckDays: 7
15:17:34.907 [JavaFX Application Thread] DEBUG Engine               - masterTimer: com.almasb.fxgl.time.Timer@3eafeecf
15:17:34.907 [JavaFX Application Thread] DEBUG Engine               - configClass: Optional.empty
15:17:34.907 [JavaFX Application Thread] DEBUG Engine               - version: 1.0
15:17:34.907 [JavaFX Application Thread] DEBUG Engine               - fullScreen: BooleanProperty [value: false]
15:17:34.907 [JavaFX Application Thread] DEBUG Engine               - dialogFactory: com.almasb.fxgl.ui.FXGLDialogFactory@330a5692
15:17:34.907 [JavaFX Application Thread] DEBUG Engine               - applicationMode: DEVELOPER
15:17:34.907 [JavaFX Application Thread] DEBUG Engine               - urlGoogleForms: https://goo.gl/forms/6wrMnOBxTE1fEpOy2
15:17:34.907 [JavaFX Application Thread] DEBUG Engine               - isMenuEnabled: false
15:17:34.907 [JavaFX Application Thread] DEBUG Engine               - profileName: user.profile
15:17:34.907 [JavaFX Application Thread] DEBUG Engine               - urlPOM: https://raw.githubusercontent.com/AlmasB/FXGL/master/pom.xml
15:17:34.907 [JavaFX Application Thread] DEBUG Engine               - notificationViewClass: class com.almasb.fxgl.notification.view.XboxNotificationView
15:17:34.907 [JavaFX Application Thread] DEBUG Engine               - sceneFactory: com.almasb.fxgl.app.SceneFactory@7d369175
15:17:34.907 [JavaFX Application Thread] DEBUG Engine               - dataFileExt: .dat
15:17:34.907 [JavaFX Application Thread] DEBUG Engine               - stageStyle: DECORATED
15:17:34.908 [JavaFX Application Thread] DEBUG Engine               - isManualResizeEnabled: false
15:17:34.908 [JavaFX Application Thread] DEBUG Engine               - title: Finding Ribo
15:17:34.908 [JavaFX Application Thread] DEBUG Engine               - credits: []
15:17:34.908 [JavaFX Application Thread] DEBUG Engine               - uIFactory: com.almasb.fxgl.ui.FXGLUIFactory@38bf75a5
15:17:34.908 [JavaFX Application Thread] DEBUG Engine               - fontText: Courier-Prime.ttf
15:17:34.908 [JavaFX Application Thread] DEBUG Engine               - isExperimentalTiledLargeMap: false
15:17:34.908 [JavaFX Application Thread] DEBUG Engine               - secondsIn24h: 60
15:17:34.908 [JavaFX Application Thread] DEBUG Engine               - soundMenuPress: menu/press.wav
15:17:34.908 [JavaFX Application Thread] DEBUG Engine               - urlGithub: https://github.com/AlmasB/FXGL
15:17:34.909 [JavaFX Application Thread] DEBUG Engine               - profileDir: profiles/
15:17:34.909 [JavaFX Application Thread] DEBUG Engine               - urlLeaderboard: http://fxgl-top.herokuapp.com/
15:17:34.909 [JavaFX Application Thread] DEBUG Engine               - saveDir: saves/
15:17:34.909 [JavaFX Application Thread] DEBUG Engine               - engineServices: [class com.almasb.fxgl.audio.AudioPlayer, class com.almasb.fxgl.notification.impl.NotificationServiceProvider, class com.almasb.fxgl.achievement.AchievementManager]
15:17:34.909 [JavaFX Application Thread] DEBUG Engine               - width: 1280
15:17:34.909 [JavaFX Application Thread] DEBUG Engine               - saveFileExt: .sav
15:17:34.909 [JavaFX Application Thread] DEBUG Engine               - fontUI: VarelaRound-Regular.ttf
15:17:34.910 [JavaFX Application Thread] DEBUG Engine               - enabledMenuItems: []
15:17:34.923 [JavaFX Application Thread] INFO  Engine               - FXGL initialization took: 1.273 sec
15:17:34.924 [JavaFX Application Thread] DEBUG LoopRunner           - Starting loop
15:17:34.932 [JavaFX Application Thread] DEBUG StartupScene         - STARTUP
15:17:34.932 [JavaFX Application Thread] DEBUG Engine               - Starting new game
15:17:34.932 [JavaFX Application Thread] DEBUG AssetLoader          - Loading from disk: /assets/ui/css/fxgl_dark.css
15:17:34.933 [JavaFX Application Thread] DEBUG Input                - Clearing active input actions
15:17:34.943 [JavaFX Application Thread] DEBUG MainWindow           - StartupScene -> LoadingScene
15:17:34.949 [JavaFX Application Thread] DEBUG Engine               - Removing overlay from StartupScene and adding to LoadingScene
15:17:34.950 [FXGL Background Thread 1 ] DEBUG InitAppTask          - Clearing previous game
15:17:34.950 [FXGL Background Thread 1 ] DEBUG GameWorld            - Clearing game world
15:17:34.950 [FXGL Background Thread 1 ] DEBUG PhysicsWorld         - Clearing physics world
15:17:34.950 [FXGL Background Thread 1 ] DEBUG GameScene            - Clearing game scene
15:17:34.950 [FXGL Background Thread 1 ] DEBUG InitAppTask          - Initializing Game
15:17:34.953 [FXGL Background Thread 1 ] DEBUG AssetLoader          - Loading from disk: /assets/textures/splash.gif
15:17:39.521 [FXGL Background Thread 1 ] DEBUG InitAppTask          - Initializing Physics
15:17:39.521 [FXGL Background Thread 1 ] DEBUG InitAppTask          - Initializing UI
15:17:39.521 [FXGL Background Thread 1 ] DEBUG InitAppTask          - Initialization Complete
15:17:39.521 [FXGL Background Thread 1 ] INFO  InitAppTask          - Game initialization took: 4.571 sec
15:17:39.536 [JavaFX Application Thread] DEBUG AssetLoader          - Loading from disk: /assets/ui/css/fxgl_dark.css
15:17:39.537 [JavaFX Application Thread] DEBUG Input                - Clearing active input actions
15:17:39.571 [JavaFX Application Thread] DEBUG MainWindow           - LoadingScene -> GameScene
15:17:39.571 [JavaFX Application Thread] DEBUG Engine               - Removing overlay from LoadingScene and adding to GameScene
15:17:53.341 [JavaFX Application Thread] DEBUG AssetLoader          - Loading from disk: /assets/textures/home.gif
15:17:55.358 [JavaFX Application Thread] DEBUG AssetLoader          - Loading from disk: /assets/textures/play_button.png
15:17:55.361 [JavaFX Application Thread] DEBUG AssetLoader          - Loading from disk: /assets/textures/exit_button.png
15:18:05.408 [JavaFX Application Thread] DEBUG AssetLoader          - Loading from disk: /assets/textures/1.png
15:18:05.537 [JavaFX Application Thread] DEBUG AssetLoader          - Loading from disk: /assets/textures/next.png
15:18:07.083 [JavaFX Application Thread] DEBUG AssetLoader          - Loading from disk: /assets/textures/null.png
15:18:07.086 [JavaFX Application Thread] DEBUG AssetLoader          - Loading from cache: /assets/textures/null.png
15:18:07.087 [JavaFX Application Thread] DEBUG AssetLoader          - Loading from disk: /assets/textures/pb (1).png
15:18:07.242 [JavaFX Application Thread] DEBUG AssetLoader          - Loading from disk: /assets/textures/1 (1).jpg
15:18:07.255 [JavaFX Application Thread] DEBUG AssetLoader          - Loading from disk: /assets/textures/1 (2).jpg
15:18:07.257 [JavaFX Application Thread] DEBUG AssetLoader          - Loading from disk: /assets/textures/1 (3).jpg
15:18:07.258 [JavaFX Application Thread] DEBUG AssetLoader          - Loading from disk: /assets/textures/1 (4).jpg
15:18:07.260 [JavaFX Application Thread] DEBUG AssetLoader          - Loading from disk: /assets/textures/1 (5).jpg
15:18:07.262 [JavaFX Application Thread] DEBUG AssetLoader          - Loading from disk: /assets/textures/1 (6).jpg
15:18:07.263 [JavaFX Application Thread] DEBUG AssetLoader          - Loading from disk: /assets/textures/1 (7).jpg
15:18:07.265 [JavaFX Application Thread] DEBUG AssetLoader          - Loading from disk: /assets/textures/1 (8).jpg
15:18:07.267 [JavaFX Application Thread] DEBUG AssetLoader          - Loading from disk: /assets/textures/1 (9).jpg
15:18:07.269 [JavaFX Application Thread] DEBUG AssetLoader          - Loading from disk: /assets/textures/1 (10).jpg
15:18:07.270 [JavaFX Application Thread] DEBUG AssetLoader          - Loading from disk: /assets/textures/1 (11).jpg
15:18:07.272 [JavaFX Application Thread] DEBUG AssetLoader          - Loading from disk: /assets/textures/1 (12).jpg
15:18:07.274 [JavaFX Application Thread] DEBUG AssetLoader          - Loading from disk: /assets/textures/1 (13).jpg
15:18:07.276 [JavaFX Application Thread] DEBUG AssetLoader          - Loading from disk: /assets/textures/1 (14).jpg
15:18:07.277 [JavaFX Application Thread] DEBUG AssetLoader          - Loading from disk: /assets/textures/1 (15).jpg
15:18:07.279 [JavaFX Application Thread] DEBUG AssetLoader          - Loading from disk: /assets/textures/1 (16).jpg
15:18:34.067 [JavaFX Application Thread] DEBUG AssetLoader          - Loading from cache: /assets/textures/null.png
15:18:34.068 [JavaFX Application Thread] DEBUG AssetLoader          - Loading from cache: /assets/textures/null.png
15:18:34.069 [JavaFX Application Thread] DEBUG AssetLoader          - Loading from cache: /assets/textures/null.png
15:18:34.070 [JavaFX Application Thread] DEBUG AssetLoader          - Loading from cache: /assets/textures/null.png
15:18:34.070 [JavaFX Application Thread] DEBUG AssetLoader          - Loading from cache: /assets/textures/null.png
15:18:34.071 [JavaFX Application Thread] DEBUG AssetLoader          - Loading from cache: /assets/textures/null.png
15:18:34.072 [JavaFX Application Thread] DEBUG AssetLoader          - Loading from cache: /assets/textures/null.png
15:18:34.073 [JavaFX Application Thread] DEBUG AssetLoader          - Loading from cache: /assets/textures/null.png
15:18:34.073 [JavaFX Application Thread] DEBUG AssetLoader          - Loading from cache: /assets/textures/null.png
15:18:34.074 [JavaFX Application Thread] DEBUG AssetLoader          - Loading from cache: /assets/textures/null.png
15:18:34.075 [JavaFX Application Thread] DEBUG AssetLoader          - Loading from cache: /assets/textures/null.png
15:18:34.076 [JavaFX Application Thread] DEBUG AssetLoader          - Loading from cache: /assets/textures/null.png
15:18:34.077 [JavaFX Application Thread] DEBUG AssetLoader          - Loading from cache: /assets/textures/null.png
15:18:34.077 [JavaFX Application Thread] DEBUG AssetLoader          - Loading from cache: /assets/textures/null.png
15:18:34.078 [JavaFX Application Thread] DEBUG AssetLoader          - Loading from cache: /assets/textures/null.png
15:18:34.079 [JavaFX Application Thread] DEBUG AssetLoader          - Loading from cache: /assets/textures/null.png
15:18:34.080 [JavaFX Application Thread] DEBUG AssetLoader          - Loading from disk: /assets/textures/2.1.png
15:18:34.233 [JavaFX Application Thread] DEBUG AssetLoader          - Loading from cache: /assets/textures/next.png
15:18:36.401 [JavaFX Application Thread] DEBUG AssetLoader          - Loading from disk: /assets/textures/2.2.png
15:18:36.514 [JavaFX Application Thread] DEBUG AssetLoader          - Loading from disk: /assets/textures/ok.png
15:18:38.171 [JavaFX Application Thread] DEBUG AssetLoader          - Loading from cache: /assets/textures/null.png
15:18:38.172 [JavaFX Application Thread] DEBUG AssetLoader          - Loading from cache: /assets/textures/null.png
15:18:38.173 [JavaFX Application Thread] DEBUG AssetLoader          - Loading from disk: /assets/textures/pb (2).png
15:18:38.318 [JavaFX Application Thread] DEBUG AssetLoader          - Loading from disk: /assets/textures/2 (4).png
15:18:38.320 [JavaFX Application Thread] DEBUG AssetLoader          - Loading from disk: /assets/textures/2 (3).png
15:18:38.323 [JavaFX Application Thread] DEBUG AssetLoader          - Loading from disk: /assets/textures/2 (6).png
15:18:38.326 [JavaFX Application Thread] DEBUG AssetLoader          - Loading from disk: /assets/textures/2 (5).png
15:18:38.328 [JavaFX Application Thread] DEBUG AssetLoader          - Loading from disk: /assets/textures/2 (2).png
15:18:38.330 [JavaFX Application Thread] DEBUG AssetLoader          - Loading from disk: /assets/textures/2 (1).png
15:18:38.332 [JavaFX Application Thread] DEBUG AssetLoader          - Loading from disk: /assets/textures/2 (7).png
15:18:38.334 [JavaFX Application Thread] DEBUG AssetLoader          - Loading from cache: /assets/textures/2 (2).png
15:18:38.334 [JavaFX Application Thread] DEBUG AssetLoader          - Loading from cache: /assets/textures/2 (4).png
15:18:38.334 [JavaFX Application Thread] DEBUG AssetLoader          - Loading from cache: /assets/textures/2 (6).png
15:18:38.334 [JavaFX Application Thread] DEBUG AssetLoader          - Loading from disk: /assets/textures/2 (8).png
15:18:38.336 [JavaFX Application Thread] DEBUG AssetLoader          - Loading from cache: /assets/textures/2 (1).png
15:18:38.336 [JavaFX Application Thread] DEBUG AssetLoader          - Loading from cache: /assets/textures/2 (8).png
15:18:38.336 [JavaFX Application Thread] DEBUG AssetLoader          - Loading from cache: /assets/textures/2 (5).png
15:18:38.336 [JavaFX Application Thread] DEBUG AssetLoader          - Loading from cache: /assets/textures/2 (3).png
15:18:38.336 [JavaFX Application Thread] DEBUG AssetLoader          - Loading from cache: /assets/textures/2 (7).png
15:18:43.119 [JavaFX Application Thread] DEBUG AssetLoader          - Loading from disk: /assets/textures/temp.png
15:18:43.124 [JavaFX Application Thread] DEBUG AssetLoader          - Loading from cache: /assets/textures/temp.png
15:18:43.125 [JavaFX Application Thread] DEBUG AssetLoader          - Loading from cache: /assets/textures/temp.png
15:18:43.126 [JavaFX Application Thread] DEBUG AssetLoader          - Loading from cache: /assets/textures/temp.png
15:18:43.127 [JavaFX Application Thread] DEBUG AssetLoader          - Loading from cache: /assets/textures/temp.png
15:18:43.127 [JavaFX Application Thread] DEBUG AssetLoader          - Loading from cache: /assets/textures/temp.png
15:18:43.128 [JavaFX Application Thread] DEBUG AssetLoader          - Loading from cache: /assets/textures/temp.png
15:18:43.129 [JavaFX Application Thread] DEBUG AssetLoader          - Loading from cache: /assets/textures/temp.png
15:18:43.130 [JavaFX Application Thread] DEBUG AssetLoader          - Loading from cache: /assets/textures/temp.png
15:18:43.130 [JavaFX Application Thread] DEBUG AssetLoader          - Loading from cache: /assets/textures/temp.png
15:18:43.132 [JavaFX Application Thread] DEBUG AssetLoader          - Loading from cache: /assets/textures/temp.png
15:18:43.133 [JavaFX Application Thread] DEBUG AssetLoader          - Loading from cache: /assets/textures/temp.png
15:18:43.134 [JavaFX Application Thread] DEBUG AssetLoader          - Loading from cache: /assets/textures/temp.png
15:18:43.135 [JavaFX Application Thread] DEBUG AssetLoader          - Loading from cache: /assets/textures/temp.png
15:18:43.136 [JavaFX Application Thread] DEBUG AssetLoader          - Loading from cache: /assets/textures/temp.png
15:18:43.137 [JavaFX Application Thread] DEBUG AssetLoader          - Loading from cache: /assets/textures/temp.png
15:18:43.725 [JavaFX Application Thread] DEBUG AssetLoader          - Loading from cache: /assets/textures/2 (6).png
15:18:45.033 [JavaFX Application Thread] DEBUG AssetLoader          - Loading from cache: /assets/textures/2 (6).png
15:18:46.210 [JavaFX Application Thread] DEBUG AssetLoader          - Loading from cache: /assets/textures/2 (5).png
15:18:47.186 [JavaFX Application Thread] DEBUG AssetLoader          - Loading from cache: /assets/textures/2 (1).png
15:18:48.624 [JavaFX Application Thread] DEBUG AssetLoader          - Loading from cache: /assets/textures/temp.png
15:18:48.625 [JavaFX Application Thread] DEBUG AssetLoader          - Loading from cache: /assets/textures/temp.png
15:18:48.867 [JavaFX Application Thread] DEBUG AssetLoader          - Loading from cache: /assets/textures/2 (3).png
15:18:50.014 [JavaFX Application Thread] DEBUG AssetLoader          - Loading from cache: /assets/textures/2 (7).png
15:18:51.440 [JavaFX Application Thread] DEBUG AssetLoader          - Loading from cache: /assets/textures/temp.png
15:18:51.441 [JavaFX Application Thread] DEBUG AssetLoader          - Loading from cache: /assets/textures/temp.png
15:18:51.945 [JavaFX Application Thread] DEBUG AssetLoader          - Loading from cache: /assets/textures/2 (2).png
15:18:53.443 [JavaFX Application Thread] DEBUG AssetLoader          - Loading from cache: /assets/textures/2 (1).png
15:18:54.879 [JavaFX Application Thread] DEBUG AssetLoader          - Loading from cache: /assets/textures/temp.png
15:18:54.880 [JavaFX Application Thread] DEBUG AssetLoader          - Loading from cache: /assets/textures/temp.png
15:18:55.376 [JavaFX Application Thread] DEBUG AssetLoader          - Loading from cache: /assets/textures/2 (1).png
15:18:56.421 [JavaFX Application Thread] DEBUG AssetLoader          - Loading from cache: /assets/textures/2 (1).png
15:18:57.297 [JavaFX Application Thread] DEBUG AssetLoader          - Loading from cache: /assets/textures/2 (8).png
15:18:59.076 [JavaFX Application Thread] DEBUG AssetLoader          - Loading from cache: /assets/textures/2 (3).png
15:19:00.511 [JavaFX Application Thread] DEBUG AssetLoader          - Loading from cache: /assets/textures/temp.png
15:19:00.511 [JavaFX Application Thread] DEBUG AssetLoader          - Loading from cache: /assets/textures/temp.png
15:19:01.159 [JavaFX Application Thread] DEBUG AssetLoader          - Loading from cache: /assets/textures/2 (3).png
15:19:02.497 [JavaFX Application Thread] DEBUG AssetLoader          - Loading from cache: /assets/textures/2 (3).png
15:19:03.463 [JavaFX Application Thread] DEBUG AssetLoader          - Loading from cache: /assets/textures/2 (5).png
15:19:04.982 [JavaFX Application Thread] DEBUG AssetLoader          - Loading from cache: /assets/textures/2 (5).png
15:19:05.968 [JavaFX Application Thread] DEBUG AssetLoader          - Loading from cache: /assets/textures/2 (2).png
15:19:07.346 [JavaFX Application Thread] DEBUG AssetLoader          - Loading from cache: /assets/textures/2 (4).png
15:19:08.783 [JavaFX Application Thread] DEBUG AssetLoader          - Loading from cache: /assets/textures/temp.png
15:19:08.784 [JavaFX Application Thread] DEBUG AssetLoader          - Loading from cache: /assets/textures/temp.png
15:19:09.278 [JavaFX Application Thread] DEBUG AssetLoader          - Loading from cache: /assets/textures/2 (8).png
15:19:10.595 [JavaFX Application Thread] DEBUG AssetLoader          - Loading from cache: /assets/textures/2 (8).png
15:19:11.511 [JavaFX Application Thread] DEBUG AssetLoader          - Loading from cache: /assets/textures/2 (7).png
15:19:12.767 [JavaFX Application Thread] DEBUG AssetLoader          - Loading from cache: /assets/textures/2 (2).png
15:19:14.207 [JavaFX Application Thread] DEBUG AssetLoader          - Loading from cache: /assets/textures/temp.png
15:19:14.208 [JavaFX Application Thread] DEBUG AssetLoader          - Loading from cache: /assets/textures/temp.png
15:19:14.750 [JavaFX Application Thread] DEBUG AssetLoader          - Loading from cache: /assets/textures/2 (2).png
15:19:15.907 [JavaFX Application Thread] DEBUG AssetLoader          - Loading from cache: /assets/textures/2 (2).png
15:19:17.144 [JavaFX Application Thread] DEBUG AssetLoader          - Loading from cache: /assets/textures/2 (4).png
15:19:18.834 [JavaFX Application Thread] DEBUG AssetLoader          - Loading from cache: /assets/textures/2 (4).png
15:19:20.142 [JavaFX Application Thread] DEBUG AssetLoader          - Loading from cache: /assets/textures/2 (7).png
15:19:21.380 [JavaFX Application Thread] DEBUG AssetLoader          - Loading from cache: /assets/textures/2 (7).png
15:19:21.381 [JavaFX Application Thread] DEBUG AssetLoader          - Loading from cache: /assets/textures/null.png
15:19:21.381 [JavaFX Application Thread] DEBUG AssetLoader          - Loading from cache: /assets/textures/null.png
15:19:21.381 [JavaFX Application Thread] DEBUG AssetLoader          - Loading from cache: /assets/textures/null.png
15:19:21.381 [JavaFX Application Thread] DEBUG AssetLoader          - Loading from cache: /assets/textures/null.png
15:19:21.382 [JavaFX Application Thread] DEBUG AssetLoader          - Loading from cache: /assets/textures/null.png
15:19:21.382 [JavaFX Application Thread] DEBUG AssetLoader          - Loading from cache: /assets/textures/null.png
15:19:21.382 [JavaFX Application Thread] DEBUG AssetLoader          - Loading from cache: /assets/textures/null.png
15:19:21.382 [JavaFX Application Thread] DEBUG AssetLoader          - Loading from cache: /assets/textures/null.png
15:19:21.382 [JavaFX Application Thread] DEBUG AssetLoader          - Loading from cache: /assets/textures/null.png
15:19:21.383 [JavaFX Application Thread] DEBUG AssetLoader          - Loading from cache: /assets/textures/null.png
15:19:21.383 [JavaFX Application Thread] DEBUG AssetLoader          - Loading from cache: /assets/textures/null.png
15:19:21.383 [JavaFX Application Thread] DEBUG AssetLoader          - Loading from cache: /assets/textures/null.png
15:19:21.383 [JavaFX Application Thread] DEBUG AssetLoader          - Loading from cache: /assets/textures/null.png
15:19:21.384 [JavaFX Application Thread] DEBUG AssetLoader          - Loading from cache: /assets/textures/null.png
15:19:21.384 [JavaFX Application Thread] DEBUG AssetLoader          - Loading from cache: /assets/textures/null.png
15:19:21.384 [JavaFX Application Thread] DEBUG AssetLoader          - Loading from cache: /assets/textures/null.png
15:19:21.384 [JavaFX Application Thread] DEBUG AssetLoader          - Loading from disk: /assets/textures/3.png
15:19:21.474 [JavaFX Application Thread] DEBUG AssetLoader          - Loading from cache: /assets/textures/next.png
15:24:54.643 [JavaFX Application Thread] DEBUG AssetLoader          - Loading from cache: /assets/textures/null.png
15:24:54.645 [JavaFX Application Thread] DEBUG AssetLoader          - Loading from cache: /assets/textures/null.png
15:24:54.646 [JavaFX Application Thread] DEBUG AssetLoader          - Loading from disk: /assets/textures/pb (3).png
15:24:54.774 [JavaFX Application Thread] DEBUG AssetLoader          - Loading from disk: /assets/textures/3 (10).jpg
15:24:54.776 [JavaFX Application Thread] DEBUG AssetLoader          - Loading from disk: /assets/textures/3 (1).jpg
15:24:54.777 [JavaFX Application Thread] DEBUG AssetLoader          - Loading from disk: /assets/textures/3 (16).jpg
15:24:54.779 [JavaFX Application Thread] DEBUG AssetLoader          - Loading from disk: /assets/textures/3 (7).jpg
15:24:54.780 [JavaFX Application Thread] DEBUG AssetLoader          - Loading from disk: /assets/textures/3 (9).jpg
15:24:54.782 [JavaFX Application Thread] DEBUG AssetLoader          - Loading from disk: /assets/textures/3 (6).jpg
15:24:54.783 [JavaFX Application Thread] DEBUG AssetLoader          - Loading from disk: /assets/textures/3 (13).jpg
15:24:54.785 [JavaFX Application Thread] DEBUG AssetLoader          - Loading from disk: /assets/textures/3 (11).jpg
15:24:54.786 [JavaFX Application Thread] DEBUG AssetLoader          - Loading from disk: /assets/textures/3 (8).jpg
15:24:54.788 [JavaFX Application Thread] DEBUG AssetLoader          - Loading from disk: /assets/textures/3 (14).jpg
15:24:54.789 [JavaFX Application Thread] DEBUG AssetLoader          - Loading from disk: /assets/textures/3 (4).jpg
15:24:54.790 [JavaFX Application Thread] DEBUG AssetLoader          - Loading from disk: /assets/textures/3 (5).jpg
15:24:54.792 [JavaFX Application Thread] DEBUG AssetLoader          - Loading from disk: /assets/textures/3 (15).jpg
15:24:54.793 [JavaFX Application Thread] DEBUG AssetLoader          - Loading from disk: /assets/textures/3 (3).jpg
15:24:54.795 [JavaFX Application Thread] DEBUG AssetLoader          - Loading from disk: /assets/textures/3 (2).jpg
15:24:54.796 [JavaFX Application Thread] DEBUG AssetLoader          - Loading from disk: /assets/textures/3 (12).jpg
15:24:54.797 [JavaFX Application Thread] DEBUG Input                - Mocking button press: LMB at 1200.0, 672.0
15:24:57.966 [JavaFX Application Thread] DEBUG AssetLoader          - Loading from disk: /assets/textures/effect_level2.png
15:24:59.887 [JavaFX Application Thread] DEBUG AssetLoader          - Loading from cache: /assets/textures/effect_level2.png
15:25:02.272 [JavaFX Application Thread] DEBUG AssetLoader          - Loading from cache: /assets/textures/effect_level2.png
15:25:05.352 [JavaFX Application Thread] DEBUG AssetLoader          - Loading from cache: /assets/textures/effect_level2.png
15:25:07.847 [JavaFX Application Thread] DEBUG AssetLoader          - Loading from cache: /assets/textures/effect_level2.png
15:25:10.766 [JavaFX Application Thread] DEBUG AssetLoader          - Loading from cache: /assets/textures/effect_level2.png
15:25:13.031 [JavaFX Application Thread] DEBUG AssetLoader          - Loading from cache: /assets/textures/effect_level2.png
15:25:16.422 [JavaFX Application Thread] DEBUG AssetLoader          - Loading from cache: /assets/textures/effect_level2.png
15:25:19.240 [JavaFX Application Thread] DEBUG AssetLoader          - Loading from cache: /assets/textures/effect_level2.png
15:25:21.576 [JavaFX Application Thread] DEBUG AssetLoader          - Loading from cache: /assets/textures/effect_level2.png
15:25:23.529 [JavaFX Application Thread] DEBUG AssetLoader          - Loading from cache: /assets/textures/effect_level2.png
15:25:25.209 [JavaFX Application Thread] DEBUG AssetLoader          - Loading from cache: /assets/textures/effect_level2.png
15:25:27.584 [JavaFX Application Thread] DEBUG AssetLoader          - Loading from cache: /assets/textures/effect_level2.png
15:25:29.888 [JavaFX Application Thread] DEBUG AssetLoader          - Loading from cache: /assets/textures/effect_level2.png
15:25:30.613 [JavaFX Application Thread] DEBUG AssetLoader          - Loading from cache: /assets/textures/null.png
15:25:30.613 [JavaFX Application Thread] DEBUG AssetLoader          - Loading from cache: /assets/textures/null.png
15:25:30.613 [JavaFX Application Thread] DEBUG AssetLoader          - Loading from cache: /assets/textures/null.png
15:25:30.614 [JavaFX Application Thread] DEBUG AssetLoader          - Loading from cache: /assets/textures/null.png
15:25:30.614 [JavaFX Application Thread] DEBUG AssetLoader          - Loading from cache: /assets/textures/null.png
15:25:30.614 [JavaFX Application Thread] DEBUG AssetLoader          - Loading from cache: /assets/textures/null.png
15:25:30.614 [JavaFX Application Thread] DEBUG AssetLoader          - Loading from cache: /assets/textures/null.png
15:25:30.615 [JavaFX Application Thread] DEBUG AssetLoader          - Loading from cache: /assets/textures/null.png
15:25:30.615 [JavaFX Application Thread] DEBUG AssetLoader          - Loading from cache: /assets/textures/null.png
15:25:30.615 [JavaFX Application Thread] DEBUG AssetLoader          - Loading from cache: /assets/textures/null.png
15:25:30.616 [JavaFX Application Thread] DEBUG AssetLoader          - Loading from cache: /assets/textures/null.png
15:25:30.616 [JavaFX Application Thread] DEBUG AssetLoader          - Loading from cache: /assets/textures/null.png
15:25:30.616 [JavaFX Application Thread] DEBUG AssetLoader          - Loading from cache: /assets/textures/null.png
15:25:30.616 [JavaFX Application Thread] DEBUG AssetLoader          - Loading from cache: /assets/textures/null.png
15:25:30.616 [JavaFX Application Thread] DEBUG AssetLoader          - Loading from cache: /assets/textures/null.png
15:25:30.617 [JavaFX Application Thread] DEBUG AssetLoader          - Loading from cache: /assets/textures/null.png
15:25:30.617 [JavaFX Application Thread] DEBUG AssetLoader          - Loading from disk: /assets/textures/4.1.png
15:25:30.708 [JavaFX Application Thread] DEBUG AssetLoader          - Loading from cache: /assets/textures/next.png
15:25:33.078 [JavaFX Application Thread] DEBUG AssetLoader          - Loading from disk: /assets/textures/4.2.png
15:25:33.873 [JavaFX Application Thread] DEBUG AssetLoader          - Loading from disk: /assets/textures/4.3.png
15:25:34.990 [JavaFX Application Thread] DEBUG AssetLoader          - Loading from disk: /assets/textures/4.4.png
15:25:35.785 [JavaFX Application Thread] DEBUG AssetLoader          - Loading from cache: /assets/textures/null.png
15:25:35.786 [JavaFX Application Thread] DEBUG AssetLoader          - Loading from cache: /assets/textures/null.png
15:25:35.786 [JavaFX Application Thread] DEBUG AssetLoader          - Loading from disk: /assets/textures/pb (4).png
15:25:35.849 [JavaFX Application Thread] DEBUG AssetLoader          - Loading from disk: /assets/textures/lock_screen (1).png
15:25:35.854 [JavaFX Application Thread] DEBUG AssetLoader          - Loading from disk: /assets/textures/lock_screen (2).png
15:25:35.858 [JavaFX Application Thread] DEBUG AssetLoader          - Loading from disk: /assets/textures/lock_screen (3).png
15:25:35.861 [JavaFX Application Thread] DEBUG AssetLoader          - Loading from disk: /assets/textures/lock_screen (4).png
15:25:41.331 [JavaFX Application Thread] DEBUG AssetLoader          - Loading from disk: /assets/textures/5.1.png
15:25:41.510 [JavaFX Application Thread] DEBUG AssetLoader          - Loading from cache: /assets/textures/next.png
15:25:44.621 [JavaFX Application Thread] DEBUG AssetLoader          - Loading from disk: /assets/textures/5.2.png
15:25:45.427 [JavaFX Application Thread] DEBUG AssetLoader          - Loading from cache: /assets/textures/null.png
15:25:45.429 [JavaFX Application Thread] DEBUG AssetLoader          - Loading from cache: /assets/textures/null.png
15:25:45.429 [JavaFX Application Thread] DEBUG AssetLoader          - Loading from disk: /assets/textures/pb (5).png
15:25:45.573 [JavaFX Application Thread] DEBUG AssetLoader          - Loading from disk: /assets/textures/5 (8).png
15:25:45.575 [JavaFX Application Thread] DEBUG AssetLoader          - Loading from disk: /assets/textures/5 (2).png
15:25:45.578 [JavaFX Application Thread] DEBUG AssetLoader          - Loading from disk: /assets/textures/5 (7).png
15:25:45.581 [JavaFX Application Thread] DEBUG AssetLoader          - Loading from disk: /assets/textures/5 (14).png
15:25:45.583 [JavaFX Application Thread] DEBUG AssetLoader          - Loading from disk: /assets/textures/5 (10).png
15:25:45.585 [JavaFX Application Thread] DEBUG AssetLoader          - Loading from disk: /assets/textures/5 (9).png
15:25:45.587 [JavaFX Application Thread] DEBUG AssetLoader          - Loading from disk: /assets/textures/5 (15).png
15:25:45.589 [JavaFX Application Thread] DEBUG AssetLoader          - Loading from disk: /assets/textures/5 (13).png
15:25:45.592 [JavaFX Application Thread] DEBUG AssetLoader          - Loading from disk: /assets/textures/5 (3).png
15:25:45.594 [JavaFX Application Thread] DEBUG AssetLoader          - Loading from disk: /assets/textures/5 (16).png
15:25:45.595 [JavaFX Application Thread] DEBUG AssetLoader          - Loading from disk: /assets/textures/5 (1).png
15:25:45.597 [JavaFX Application Thread] DEBUG AssetLoader          - Loading from disk: /assets/textures/5 (5).png
15:25:45.599 [JavaFX Application Thread] DEBUG AssetLoader          - Loading from disk: /assets/textures/5 (6).png
15:25:45.601 [JavaFX Application Thread] DEBUG AssetLoader          - Loading from disk: /assets/textures/5 (11).png
15:25:45.603 [JavaFX Application Thread] DEBUG AssetLoader          - Loading from disk: /assets/textures/5 (12).png
15:25:45.605 [JavaFX Application Thread] DEBUG AssetLoader          - Loading from disk: /assets/textures/5 (4).png
15:26:15.250 [JavaFX Application Thread] DEBUG MainWindow           - Push state: DialogSubState
15:26:15.250 [JavaFX Application Thread] DEBUG Input                - Clearing active input actions
15:26:15.250 [JavaFX Application Thread] DEBUG MainWindow           - GameScene -> DialogSubState
15:26:15.262 [JavaFX Application Thread] DEBUG Engine               - Removing overlay from GameScene and adding to DialogSubState
15:26:17.185 [JavaFX Application Thread] DEBUG MainWindow           - Pop state: DialogSubState
15:26:17.185 [JavaFX Application Thread] DEBUG Input                - Clearing active input actions
15:26:17.186 [JavaFX Application Thread] DEBUG Engine               - Removing overlay from DialogSubState and adding to GameScene
15:26:17.186 [JavaFX Application Thread] DEBUG MainWindow           - GameScene <- DialogSubState
15:26:17.186 [JavaFX Application Thread] DEBUG Engine               - Exiting FXGL
15:26:17.186 [JavaFX Application Thread] DEBUG Engine               - Shutting down background threads
15:26:17.187 [JavaFX Application Thread] DEBUG Engine               - Saving FXGL system data
15:26:17.189 [JavaFX Application Thread] DEBUG MobileFSService      - Writing to: C:\Users\Kafi\Downloads\javafx-workshop-master\Finding_Ribo\system\fxgl.bundle
15:26:17.194 [JavaFX Application Thread] DEBUG Engine               - Closing logger and exiting JavaFX
