15:05:03.848 [main                     ] DEBUG GameApplication      - Logger initialized
15:05:03.863 [main                     ] DEBUG GameApplication      - Logging settings
Title: Finding Ribo
Version: 1.0
Width: 1280
Height: 720
Fullscreen: true
Intro: false
Menus: false
Profiling: false
Single step:false
App Mode: DEVELOPER
Menu Key: ESCAPE
Stage Style: DECORATED
Scene Factory: class com.almasb.fxgl.app.SceneFactory
Dialog Factory: class com.almasb.fxgl.ui.FXGLDialogFactory
UI Factory: class com.almasb.fxgl.ui.FXGLUIFactory

15:05:04.464 [JavaFX Application Thread] DEBUG Engine               - Initializing FXGL
15:05:04.477 [JavaFX Application Thread] INFO  Engine               - FXGL-11.2-beta on DESKTOP
15:05:04.478 [JavaFX Application Thread] INFO  Engine               - Source code and latest versions at: https://github.com/AlmasB/FXGL
15:05:04.478 [JavaFX Application Thread] INFO  Engine               -              Join the FXGL chat at: https://gitter.im/AlmasB/FXGL
15:05:04.488 [JavaFX Application Thread] DEBUG Engine               - Adding new engine service: class com.almasb.fxgl.audio.AudioPlayer
15:05:04.492 [JavaFX Application Thread] DEBUG Engine               - Adding new engine service: class com.almasb.fxgl.notification.impl.NotificationServiceProvider
15:05:04.494 [JavaFX Application Thread] DEBUG Engine               - Adding new engine service: class com.almasb.fxgl.achievement.AchievementManager
15:05:04.496 [JavaFX Application Thread] DEBUG Engine               - Adding new engine service: class com.almasb.fxgl.dev.DevService
15:05:04.539 [JavaFX Application Thread] DEBUG SaveLoadManager      - Checking profiles dir: profiles/
15:05:04.545 [JavaFX Application Thread] DEBUG FS                   - Loaded MobileFSService
15:05:04.546 [JavaFX Application Thread] DEBUG Engine               - Loading localizations
15:05:04.569 [JavaFX Application Thread] DEBUG AssetLoader          - Loading from disk: /assets/properties/languages/english.properties
15:05:04.576 [JavaFX Application Thread] DEBUG AssetLoader          - Loading from disk: /assets/properties/languages/french.properties
15:05:04.580 [JavaFX Application Thread] DEBUG AssetLoader          - Loading from disk: /assets/properties/languages/german.properties
15:05:04.585 [JavaFX Application Thread] DEBUG AssetLoader          - Loading from disk: /assets/properties/languages/russian.properties
15:05:04.600 [JavaFX Application Thread] DEBUG AssetLoader          - Loading from disk: /assets/properties/languages/hungarian.properties
15:05:04.606 [JavaFX Application Thread] DEBUG Engine               - Registering font factories
15:05:04.608 [JavaFX Application Thread] DEBUG AssetLoader          - Loading from disk: /assets/ui/fonts/VarelaRound-Regular.ttf
15:05:05.219 [JavaFX Application Thread] DEBUG AssetLoader          - Loading from disk: /assets/ui/fonts/Abel-Regular.ttf
15:05:05.242 [JavaFX Application Thread] DEBUG AssetLoader          - Loading from disk: /assets/ui/fonts/lucida_console.ttf
15:05:05.270 [JavaFX Application Thread] DEBUG AssetLoader          - Loading from disk: /assets/ui/fonts/Courier-Prime.ttf
15:05:05.287 [JavaFX Application Thread] DEBUG Engine               - Setting UI factory
15:05:05.385 [JavaFX Application Thread] DEBUG AssetLoader          - Loading from disk: /assets/ui/cursors/fxgl_default.png
15:05:05.482 [JavaFX Application Thread] DEBUG MainWindow           - Creating a JavaFX scene
15:05:05.543 [JavaFX Application Thread] DEBUG MainWindow           - Target settings size: 1280.0 x 720.0
15:05:05.543 [JavaFX Application Thread] DEBUG MainWindow           - Scaled scene size:    1280.0 x 720.0
15:05:05.544 [JavaFX Application Thread] DEBUG MainWindow           - Scaled ratio: (1.0, 1.0)
15:05:05.544 [JavaFX Application Thread] DEBUG AssetLoader          - Loading from disk: /assets/ui/css/fxgl_dark.css
15:05:05.545 [JavaFX Application Thread] DEBUG Input                - Clearing active input actions
15:05:05.546 [JavaFX Application Thread] DEBUG MainWindow           - StartupScene -> StartupScene
15:05:05.548 [JavaFX Application Thread] DEBUG AssetLoader          - Loading from disk: /assets/textures/fxgl_icon.png
15:05:05.572 [JavaFX Application Thread] DEBUG MainWindow           - Opening main window
15:05:05.811 [JavaFX Application Thread] DEBUG MainWindow           - Window border size: (14.4000244140625, 37.5999755859375)
15:05:05.811 [JavaFX Application Thread] DEBUG MainWindow           - Scaled size: 1280.0 x 720.0
15:05:05.812 [JavaFX Application Thread] DEBUG MainWindow           - Scaled ratio: (1.0, 1.0)
15:05:05.812 [JavaFX Application Thread] DEBUG MainWindow           - Scene size: 1280.0 x 720.0
15:05:05.812 [JavaFX Application Thread] DEBUG MainWindow           - Stage size: 1294.4000244140625 x 757.5999755859375
15:05:05.830 [FXGL Background Thread 1 ] DEBUG Engine               - Loading FXGL system data
15:05:05.843 [FXGL Background Thread 1 ] DEBUG MobileFSService      - Reading from: C:\Users\Kafi\Downloads\javafx-workshop-master\Finding_Ribo\system\fxgl.bundle
15:05:05.867 [FXGL Background Thread 1 ] DEBUG Engine               - Bundle FXGL: {}
15:05:05.868 [FXGL Background Thread 1 ] DEBUG Engine               - Initializing application scenes
15:05:05.873 [FXGL Background Thread 1 ] DEBUG AssetLoader          - Loading from disk: /assets/ui/cursors/fxgl_default.png
15:05:05.907 [FXGL Background Thread 1 ] DEBUG GameWorld            - Game world initialized
15:05:06.011 [FXGL Background Thread 1 ] DEBUG PhysicsWorld         - Physics world initialized: appHeight=720, physics.ppm=50.0
15:05:06.012 [FXGL Background Thread 1 ] DEBUG AssetLoader          - Loading from disk: /assets/ui/cursors/fxgl_default.png
15:05:06.017 [FXGL Background Thread 1 ] DEBUG GameScene            - Game scene initialized: 1280x720
15:05:06.070 [FXGL Background Thread 1 ] DEBUG Input                - Registered new binding: Pause - Esc
15:05:06.070 [FXGL Background Thread 1 ] DEBUG Engine               - Application scenes initialized
15:05:06.075 [JavaFX Application Thread] DEBUG Engine               - Running preInit()
15:05:06.079 [JavaFX Application Thread] DEBUG Input                - Registered new binding: Mouse Click - LMB
15:05:06.080 [JavaFX Application Thread] DEBUG Input                - Registered new binding: Screenshot - P
15:05:06.081 [JavaFX Application Thread] DEBUG Input                - Registered new binding: Dev Options - 1
15:05:06.082 [JavaFX Application Thread] DEBUG Input                - Registered new binding: System info dump - CTRL+9
15:05:06.083 [JavaFX Application Thread] DEBUG Input                - Registered new binding: Restart - CTRL+R
15:05:06.083 [JavaFX Application Thread] DEBUG Engine               - generateDefaultProfile()
15:05:06.084 [JavaFX Application Thread] DEBUG Engine               - Creating default profile
15:05:06.084 [JavaFX Application Thread] DEBUG EventBus             - Firing event: SaveEvent
15:05:06.099 [JavaFX Application Thread] DEBUG Engine               - Logging environment variables
15:05:06.100 [JavaFX Application Thread] DEBUG Engine               - achievementStores: []
15:05:06.100 [JavaFX Application Thread] DEBUG Engine               - cSS: fxgl_dark.css
15:05:06.100 [JavaFX Application Thread] DEBUG Engine               - language: ObjectProperty [value: ENGLISH]
15:05:06.100 [JavaFX Application Thread] DEBUG Engine               - isCloseConfirmation: true
15:05:06.100 [JavaFX Application Thread] DEBUG Engine               - isProfilingEnabled: false
15:05:06.100 [JavaFX Application Thread] DEBUG Engine               - soundNotification: core/notification.wav
15:05:06.100 [JavaFX Application Thread] DEBUG Engine               - pixelsPerMeter: 50.0
15:05:06.101 [JavaFX Application Thread] DEBUG Engine               - overlayRoot: Group@2ba3abcf
15:05:06.101 [JavaFX Application Thread] DEBUG Engine               - appIcon: fxgl_icon.png
15:05:06.101 [JavaFX Application Thread] DEBUG Engine               - soundMenuBack: menu/back.wav
15:05:06.101 [JavaFX Application Thread] DEBUG Engine               - isFullScreenAllowed: true
15:05:06.101 [JavaFX Application Thread] DEBUG Engine               - isIntroEnabled: false
15:05:06.102 [JavaFX Application Thread] DEBUG Engine               - fontMono: lucida_console.ttf
15:05:06.102 [JavaFX Application Thread] DEBUG Engine               - soundMenuSelect: menu/select.wav
15:05:06.102 [JavaFX Application Thread] DEBUG Engine               - height: 720
15:05:06.102 [JavaFX Application Thread] DEBUG Engine               - isSingleStep: false
15:05:06.102 [JavaFX Application Thread] DEBUG Engine               - fontGame: Abel-Regular.ttf
15:05:06.102 [JavaFX Application Thread] DEBUG Engine               - menuKey: ESCAPE
15:05:06.103 [JavaFX Application Thread] DEBUG Engine               - versionCheckDays: 7
15:05:06.103 [JavaFX Application Thread] DEBUG Engine               - masterTimer: com.almasb.fxgl.time.Timer@7ad10fc9
15:05:06.103 [JavaFX Application Thread] DEBUG Engine               - configClass: Optional.empty
15:05:06.103 [JavaFX Application Thread] DEBUG Engine               - version: 1.0
15:05:06.103 [JavaFX Application Thread] DEBUG Engine               - fullScreen: BooleanProperty [value: false]
15:05:06.104 [JavaFX Application Thread] DEBUG Engine               - dialogFactory: com.almasb.fxgl.ui.FXGLDialogFactory@7e471d12
15:05:06.104 [JavaFX Application Thread] DEBUG Engine               - applicationMode: DEVELOPER
15:05:06.104 [JavaFX Application Thread] DEBUG Engine               - urlGoogleForms: https://goo.gl/forms/6wrMnOBxTE1fEpOy2
15:05:06.104 [JavaFX Application Thread] DEBUG Engine               - isMenuEnabled: false
15:05:06.104 [JavaFX Application Thread] DEBUG Engine               - urlPOM: https://raw.githubusercontent.com/AlmasB/FXGL/master/pom.xml
15:05:06.104 [JavaFX Application Thread] DEBUG Engine               - profileName: user.profile
15:05:06.104 [JavaFX Application Thread] DEBUG Engine               - notificationViewClass: class com.almasb.fxgl.notification.view.XboxNotificationView
15:05:06.105 [JavaFX Application Thread] DEBUG Engine               - sceneFactory: com.almasb.fxgl.app.SceneFactory@2a222e51
15:05:06.105 [JavaFX Application Thread] DEBUG Engine               - dataFileExt: .dat
15:05:06.105 [JavaFX Application Thread] DEBUG Engine               - stageStyle: DECORATED
15:05:06.106 [JavaFX Application Thread] DEBUG Engine               - isManualResizeEnabled: false
15:05:06.106 [JavaFX Application Thread] DEBUG Engine               - title: Finding Ribo
15:05:06.106 [JavaFX Application Thread] DEBUG Engine               - credits: []
15:05:06.106 [JavaFX Application Thread] DEBUG Engine               - uIFactory: com.almasb.fxgl.ui.FXGLUIFactory@5754a6e6
15:05:06.106 [JavaFX Application Thread] DEBUG Engine               - fontText: Courier-Prime.ttf
15:05:06.106 [JavaFX Application Thread] DEBUG Engine               - isExperimentalTiledLargeMap: false
15:05:06.106 [JavaFX Application Thread] DEBUG Engine               - secondsIn24h: 60
15:05:06.106 [JavaFX Application Thread] DEBUG Engine               - soundMenuPress: menu/press.wav
15:05:06.106 [JavaFX Application Thread] DEBUG Engine               - urlGithub: https://github.com/AlmasB/FXGL
15:05:06.106 [JavaFX Application Thread] DEBUG Engine               - profileDir: profiles/
15:05:06.106 [JavaFX Application Thread] DEBUG Engine               - urlLeaderboard: http://fxgl-top.herokuapp.com/
15:05:06.106 [JavaFX Application Thread] DEBUG Engine               - saveDir: saves/
15:05:06.107 [JavaFX Application Thread] DEBUG Engine               - engineServices: [class com.almasb.fxgl.audio.AudioPlayer, class com.almasb.fxgl.notification.impl.NotificationServiceProvider, class com.almasb.fxgl.achievement.AchievementManager]
15:05:06.107 [JavaFX Application Thread] DEBUG Engine               - width: 1280
15:05:06.107 [JavaFX Application Thread] DEBUG Engine               - saveFileExt: .sav
15:05:06.107 [JavaFX Application Thread] DEBUG Engine               - fontUI: VarelaRound-Regular.ttf
15:05:06.108 [JavaFX Application Thread] DEBUG Engine               - enabledMenuItems: []
15:05:06.119 [JavaFX Application Thread] INFO  Engine               - FXGL initialization took: 1.573 sec
15:05:06.119 [JavaFX Application Thread] DEBUG LoopRunner           - Starting loop
15:05:06.125 [JavaFX Application Thread] DEBUG StartupScene         - STARTUP
15:05:06.126 [JavaFX Application Thread] DEBUG Engine               - Starting new game
15:05:06.126 [JavaFX Application Thread] DEBUG AssetLoader          - Loading from disk: /assets/ui/css/fxgl_dark.css
15:05:06.126 [JavaFX Application Thread] DEBUG Input                - Clearing active input actions
15:05:06.137 [JavaFX Application Thread] DEBUG MainWindow           - StartupScene -> LoadingScene
15:05:06.144 [JavaFX Application Thread] DEBUG Engine               - Removing overlay from StartupScene and adding to LoadingScene
15:05:06.145 [FXGL Background Thread 1 ] DEBUG InitAppTask          - Clearing previous game
15:05:06.145 [FXGL Background Thread 1 ] DEBUG GameWorld            - Clearing game world
15:05:06.145 [FXGL Background Thread 1 ] DEBUG PhysicsWorld         - Clearing physics world
15:05:06.145 [FXGL Background Thread 1 ] DEBUG GameScene            - Clearing game scene
15:05:06.145 [FXGL Background Thread 1 ] DEBUG InitAppTask          - Initializing Game
15:05:06.148 [FXGL Background Thread 1 ] DEBUG AssetLoader          - Loading from disk: /assets/textures/splash.gif
15:05:12.586 [FXGL Background Thread 1 ] DEBUG InitAppTask          - Initializing Physics
15:05:12.587 [FXGL Background Thread 1 ] DEBUG InitAppTask          - Initializing UI
15:05:12.587 [FXGL Background Thread 1 ] DEBUG InitAppTask          - Initialization Complete
15:05:12.587 [FXGL Background Thread 1 ] INFO  InitAppTask          - Game initialization took: 6.442 sec
15:05:12.600 [JavaFX Application Thread] DEBUG AssetLoader          - Loading from disk: /assets/ui/css/fxgl_dark.css
15:05:12.602 [JavaFX Application Thread] DEBUG Input                - Clearing active input actions
15:05:12.621 [JavaFX Application Thread] DEBUG MainWindow           - LoadingScene -> GameScene
15:05:12.621 [JavaFX Application Thread] DEBUG Engine               - Removing overlay from LoadingScene and adding to GameScene
15:05:26.272 [JavaFX Application Thread] DEBUG AssetLoader          - Loading from disk: /assets/textures/home.gif
15:05:27.491 [JavaFX Application Thread] DEBUG AssetLoader          - Loading from disk: /assets/textures/play_button.png
15:05:27.493 [JavaFX Application Thread] DEBUG AssetLoader          - Loading from disk: /assets/textures/exit_button.png
15:05:31.077 [JavaFX Application Thread] DEBUG AssetLoader          - Loading from disk: /assets/textures/1.png
15:05:31.207 [JavaFX Application Thread] DEBUG AssetLoader          - Loading from disk: /assets/textures/next.png
15:05:33.224 [JavaFX Application Thread] DEBUG AssetLoader          - Loading from disk: /assets/textures/null.png
15:05:33.227 [JavaFX Application Thread] DEBUG AssetLoader          - Loading from cache: /assets/textures/null.png
15:05:33.229 [JavaFX Application Thread] DEBUG AssetLoader          - Loading from disk: /assets/textures/pb (1).png
15:05:33.364 [JavaFX Application Thread] DEBUG AssetLoader          - Loading from disk: /assets/textures/1 (1).jpg
15:05:33.375 [JavaFX Application Thread] DEBUG AssetLoader          - Loading from disk: /assets/textures/1 (2).jpg
15:05:33.377 [JavaFX Application Thread] DEBUG AssetLoader          - Loading from disk: /assets/textures/1 (3).jpg
15:05:33.379 [JavaFX Application Thread] DEBUG AssetLoader          - Loading from disk: /assets/textures/1 (4).jpg
15:05:33.381 [JavaFX Application Thread] DEBUG AssetLoader          - Loading from disk: /assets/textures/1 (5).jpg
15:05:33.382 [JavaFX Application Thread] DEBUG AssetLoader          - Loading from disk: /assets/textures/1 (6).jpg
15:05:33.384 [JavaFX Application Thread] DEBUG AssetLoader          - Loading from disk: /assets/textures/1 (7).jpg
15:05:33.386 [JavaFX Application Thread] DEBUG AssetLoader          - Loading from disk: /assets/textures/1 (8).jpg
15:05:33.388 [JavaFX Application Thread] DEBUG AssetLoader          - Loading from disk: /assets/textures/1 (9).jpg
15:05:33.390 [JavaFX Application Thread] DEBUG AssetLoader          - Loading from disk: /assets/textures/1 (10).jpg
15:05:33.392 [JavaFX Application Thread] DEBUG AssetLoader          - Loading from disk: /assets/textures/1 (11).jpg
15:05:33.393 [JavaFX Application Thread] DEBUG AssetLoader          - Loading from disk: /assets/textures/1 (12).jpg
15:05:33.396 [JavaFX Application Thread] DEBUG AssetLoader          - Loading from disk: /assets/textures/1 (13).jpg
15:05:33.398 [JavaFX Application Thread] DEBUG AssetLoader          - Loading from disk: /assets/textures/1 (14).jpg
15:05:33.399 [JavaFX Application Thread] DEBUG AssetLoader          - Loading from disk: /assets/textures/1 (15).jpg
15:05:33.402 [JavaFX Application Thread] DEBUG AssetLoader          - Loading from disk: /assets/textures/1 (16).jpg
15:05:51.750 [JavaFX Application Thread] DEBUG AssetLoader          - Loading from cache: /assets/textures/null.png
15:05:51.751 [JavaFX Application Thread] DEBUG AssetLoader          - Loading from cache: /assets/textures/null.png
15:05:51.752 [JavaFX Application Thread] DEBUG AssetLoader          - Loading from cache: /assets/textures/null.png
15:05:51.752 [JavaFX Application Thread] DEBUG AssetLoader          - Loading from cache: /assets/textures/null.png
15:05:51.753 [JavaFX Application Thread] DEBUG AssetLoader          - Loading from cache: /assets/textures/null.png
15:05:51.754 [JavaFX Application Thread] DEBUG AssetLoader          - Loading from cache: /assets/textures/null.png
15:05:51.755 [JavaFX Application Thread] DEBUG AssetLoader          - Loading from cache: /assets/textures/null.png
15:05:51.756 [JavaFX Application Thread] DEBUG AssetLoader          - Loading from cache: /assets/textures/null.png
15:05:51.756 [JavaFX Application Thread] DEBUG AssetLoader          - Loading from cache: /assets/textures/null.png
15:05:51.757 [JavaFX Application Thread] DEBUG AssetLoader          - Loading from cache: /assets/textures/null.png
15:05:51.758 [JavaFX Application Thread] DEBUG AssetLoader          - Loading from cache: /assets/textures/null.png
15:05:51.758 [JavaFX Application Thread] DEBUG AssetLoader          - Loading from cache: /assets/textures/null.png
15:05:51.759 [JavaFX Application Thread] DEBUG AssetLoader          - Loading from cache: /assets/textures/null.png
15:05:51.760 [JavaFX Application Thread] DEBUG AssetLoader          - Loading from cache: /assets/textures/null.png
15:05:51.760 [JavaFX Application Thread] DEBUG AssetLoader          - Loading from cache: /assets/textures/null.png
15:05:51.762 [JavaFX Application Thread] DEBUG AssetLoader          - Loading from cache: /assets/textures/null.png
15:05:51.762 [JavaFX Application Thread] DEBUG AssetLoader          - Loading from disk: /assets/textures/2.1.png
15:05:51.924 [JavaFX Application Thread] DEBUG AssetLoader          - Loading from cache: /assets/textures/next.png
15:05:54.877 [JavaFX Application Thread] DEBUG AssetLoader          - Loading from disk: /assets/textures/2.2.png
15:05:55.008 [JavaFX Application Thread] DEBUG AssetLoader          - Loading from disk: /assets/textures/ok.png
15:05:58.297 [JavaFX Application Thread] DEBUG AssetLoader          - Loading from cache: /assets/textures/null.png
15:05:58.298 [JavaFX Application Thread] DEBUG AssetLoader          - Loading from cache: /assets/textures/null.png
15:05:58.299 [JavaFX Application Thread] DEBUG AssetLoader          - Loading from disk: /assets/textures/pb (2).png
15:05:58.445 [JavaFX Application Thread] DEBUG AssetLoader          - Loading from disk: /assets/textures/2 (6).png
15:05:58.449 [JavaFX Application Thread] DEBUG AssetLoader          - Loading from disk: /assets/textures/2 (7).png
15:05:58.451 [JavaFX Application Thread] DEBUG AssetLoader          - Loading from disk: /assets/textures/2 (3).png
15:05:58.455 [JavaFX Application Thread] DEBUG AssetLoader          - Loading from cache: /assets/textures/2 (6).png
15:05:58.456 [JavaFX Application Thread] DEBUG AssetLoader          - Loading from disk: /assets/textures/2 (2).png
15:05:58.457 [JavaFX Application Thread] DEBUG AssetLoader          - Loading from disk: /assets/textures/2 (8).png
15:05:58.460 [JavaFX Application Thread] DEBUG AssetLoader          - Loading from cache: /assets/textures/2 (8).png
15:05:58.460 [JavaFX Application Thread] DEBUG AssetLoader          - Loading from disk: /assets/textures/2 (1).png
15:05:58.462 [JavaFX Application Thread] DEBUG AssetLoader          - Loading from disk: /assets/textures/2 (5).png
15:05:58.464 [JavaFX Application Thread] DEBUG AssetLoader          - Loading from disk: /assets/textures/2 (4).png
15:05:58.466 [JavaFX Application Thread] DEBUG AssetLoader          - Loading from cache: /assets/textures/2 (5).png
15:05:58.466 [JavaFX Application Thread] DEBUG AssetLoader          - Loading from cache: /assets/textures/2 (7).png
15:05:58.466 [JavaFX Application Thread] DEBUG AssetLoader          - Loading from cache: /assets/textures/2 (2).png
15:05:58.467 [JavaFX Application Thread] DEBUG AssetLoader          - Loading from cache: /assets/textures/2 (4).png
15:05:58.467 [JavaFX Application Thread] DEBUG AssetLoader          - Loading from cache: /assets/textures/2 (3).png
15:05:58.467 [JavaFX Application Thread] DEBUG AssetLoader          - Loading from cache: /assets/textures/2 (1).png
15:06:03.242 [JavaFX Application Thread] DEBUG AssetLoader          - Loading from disk: /assets/textures/temp.png
15:06:03.248 [JavaFX Application Thread] DEBUG AssetLoader          - Loading from cache: /assets/textures/temp.png
15:06:03.249 [JavaFX Application Thread] DEBUG AssetLoader          - Loading from cache: /assets/textures/temp.png
15:06:03.250 [JavaFX Application Thread] DEBUG AssetLoader          - Loading from cache: /assets/textures/temp.png
15:06:03.251 [JavaFX Application Thread] DEBUG AssetLoader          - Loading from cache: /assets/textures/temp.png
15:06:03.252 [JavaFX Application Thread] DEBUG AssetLoader          - Loading from cache: /assets/textures/temp.png
15:06:03.252 [JavaFX Application Thread] DEBUG AssetLoader          - Loading from cache: /assets/textures/temp.png
15:06:03.253 [JavaFX Application Thread] DEBUG AssetLoader          - Loading from cache: /assets/textures/temp.png
15:06:03.254 [JavaFX Application Thread] DEBUG AssetLoader          - Loading from cache: /assets/textures/temp.png
15:06:03.255 [JavaFX Application Thread] DEBUG AssetLoader          - Loading from cache: /assets/textures/temp.png
15:06:03.256 [JavaFX Application Thread] DEBUG AssetLoader          - Loading from cache: /assets/textures/temp.png
15:06:03.257 [JavaFX Application Thread] DEBUG AssetLoader          - Loading from cache: /assets/textures/temp.png
15:06:03.258 [JavaFX Application Thread] DEBUG AssetLoader          - Loading from cache: /assets/textures/temp.png
15:06:03.258 [JavaFX Application Thread] DEBUG AssetLoader          - Loading from cache: /assets/textures/temp.png
15:06:03.259 [JavaFX Application Thread] DEBUG AssetLoader          - Loading from cache: /assets/textures/temp.png
15:06:03.260 [JavaFX Application Thread] DEBUG AssetLoader          - Loading from cache: /assets/textures/temp.png
15:06:04.865 [JavaFX Application Thread] DEBUG AssetLoader          - Loading from cache: /assets/textures/2 (8).png
15:06:05.751 [JavaFX Application Thread] DEBUG AssetLoader          - Loading from cache: /assets/textures/2 (8).png
15:06:06.867 [JavaFX Application Thread] DEBUG AssetLoader          - Loading from cache: /assets/textures/2 (5).png
15:06:08.054 [JavaFX Application Thread] DEBUG AssetLoader          - Loading from cache: /assets/textures/2 (5).png
15:06:09.140 [JavaFX Application Thread] DEBUG AssetLoader          - Loading from cache: /assets/textures/2 (4).png
15:06:10.074 [JavaFX Application Thread] DEBUG AssetLoader          - Loading from cache: /assets/textures/2 (4).png
15:06:11.795 [JavaFX Application Thread] DEBUG AssetLoader          - Loading from cache: /assets/textures/2 (6).png
15:06:12.841 [JavaFX Application Thread] DEBUG AssetLoader          - Loading from cache: /assets/textures/2 (6).png
15:06:14.289 [JavaFX Application Thread] DEBUG AssetLoader          - Loading from cache: /assets/textures/2 (7).png
15:06:15.375 [JavaFX Application Thread] DEBUG AssetLoader          - Loading from cache: /assets/textures/2 (7).png
15:06:16.803 [JavaFX Application Thread] DEBUG AssetLoader          - Loading from cache: /assets/textures/2 (1).png
15:06:18.110 [JavaFX Application Thread] DEBUG AssetLoader          - Loading from cache: /assets/textures/2 (3).png
15:06:19.546 [JavaFX Application Thread] DEBUG AssetLoader          - Loading from cache: /assets/textures/temp.png
15:06:19.547 [JavaFX Application Thread] DEBUG AssetLoader          - Loading from cache: /assets/textures/temp.png
15:06:20.393 [JavaFX Application Thread] DEBUG AssetLoader          - Loading from cache: /assets/textures/2 (2).png
15:06:21.530 [JavaFX Application Thread] DEBUG AssetLoader          - Loading from cache: /assets/textures/2 (3).png
15:06:22.954 [JavaFX Application Thread] DEBUG AssetLoader          - Loading from cache: /assets/textures/temp.png
15:06:22.955 [JavaFX Application Thread] DEBUG AssetLoader          - Loading from cache: /assets/textures/temp.png
15:06:23.470 [JavaFX Application Thread] DEBUG AssetLoader          - Loading from cache: /assets/textures/2 (3).png
15:06:24.657 [JavaFX Application Thread] DEBUG AssetLoader          - Loading from cache: /assets/textures/2 (3).png
15:06:25.714 [JavaFX Application Thread] DEBUG AssetLoader          - Loading from cache: /assets/textures/2 (1).png
15:06:27.905 [JavaFX Application Thread] DEBUG AssetLoader          - Loading from cache: /assets/textures/2 (2).png
15:06:29.339 [JavaFX Application Thread] DEBUG AssetLoader          - Loading from cache: /assets/textures/temp.png
15:06:29.340 [JavaFX Application Thread] DEBUG AssetLoader          - Loading from cache: /assets/textures/temp.png
15:06:29.444 [JavaFX Application Thread] DEBUG AssetLoader          - Loading from cache: /assets/textures/2 (1).png
15:06:30.550 [JavaFX Application Thread] DEBUG AssetLoader          - Loading from cache: /assets/textures/2 (1).png
15:06:31.556 [JavaFX Application Thread] DEBUG AssetLoader          - Loading from cache: /assets/textures/2 (2).png
15:06:32.511 [JavaFX Application Thread] DEBUG AssetLoader          - Loading from cache: /assets/textures/2 (2).png
15:06:32.513 [JavaFX Application Thread] DEBUG AssetLoader          - Loading from cache: /assets/textures/null.png
15:06:32.513 [JavaFX Application Thread] DEBUG AssetLoader          - Loading from cache: /assets/textures/null.png
15:06:32.514 [JavaFX Application Thread] DEBUG AssetLoader          - Loading from cache: /assets/textures/null.png
15:06:32.515 [JavaFX Application Thread] DEBUG AssetLoader          - Loading from cache: /assets/textures/null.png
15:06:32.515 [JavaFX Application Thread] DEBUG AssetLoader          - Loading from cache: /assets/textures/null.png
15:06:32.516 [JavaFX Application Thread] DEBUG AssetLoader          - Loading from cache: /assets/textures/null.png
15:06:32.516 [JavaFX Application Thread] DEBUG AssetLoader          - Loading from cache: /assets/textures/null.png
15:06:32.517 [JavaFX Application Thread] DEBUG AssetLoader          - Loading from cache: /assets/textures/null.png
15:06:32.518 [JavaFX Application Thread] DEBUG AssetLoader          - Loading from cache: /assets/textures/null.png
15:06:32.518 [JavaFX Application Thread] DEBUG AssetLoader          - Loading from cache: /assets/textures/null.png
15:06:32.519 [JavaFX Application Thread] DEBUG AssetLoader          - Loading from cache: /assets/textures/null.png
15:06:32.519 [JavaFX Application Thread] DEBUG AssetLoader          - Loading from cache: /assets/textures/null.png
15:06:32.520 [JavaFX Application Thread] DEBUG AssetLoader          - Loading from cache: /assets/textures/null.png
15:06:32.521 [JavaFX Application Thread] DEBUG AssetLoader          - Loading from cache: /assets/textures/null.png
15:06:32.521 [JavaFX Application Thread] DEBUG AssetLoader          - Loading from cache: /assets/textures/null.png
15:06:32.522 [JavaFX Application Thread] DEBUG AssetLoader          - Loading from cache: /assets/textures/null.png
15:06:32.523 [JavaFX Application Thread] DEBUG AssetLoader          - Loading from disk: /assets/textures/3.png
15:06:32.655 [JavaFX Application Thread] DEBUG AssetLoader          - Loading from cache: /assets/textures/next.png
15:06:34.623 [JavaFX Application Thread] DEBUG AssetLoader          - Loading from cache: /assets/textures/null.png
15:06:34.624 [JavaFX Application Thread] DEBUG AssetLoader          - Loading from cache: /assets/textures/null.png
15:06:34.624 [JavaFX Application Thread] DEBUG AssetLoader          - Loading from disk: /assets/textures/pb (3).png
15:06:34.757 [JavaFX Application Thread] DEBUG AssetLoader          - Loading from disk: /assets/textures/3 (6).jpg
15:06:34.759 [JavaFX Application Thread] DEBUG AssetLoader          - Loading from disk: /assets/textures/3 (10).jpg
15:06:34.760 [JavaFX Application Thread] DEBUG AssetLoader          - Loading from disk: /assets/textures/3 (16).jpg
15:06:34.762 [JavaFX Application Thread] DEBUG AssetLoader          - Loading from disk: /assets/textures/3 (3).jpg
15:06:34.763 [JavaFX Application Thread] DEBUG AssetLoader          - Loading from disk: /assets/textures/3 (5).jpg
15:06:34.765 [JavaFX Application Thread] DEBUG AssetLoader          - Loading from disk: /assets/textures/3 (12).jpg
15:06:34.766 [JavaFX Application Thread] DEBUG AssetLoader          - Loading from disk: /assets/textures/3 (14).jpg
15:06:34.768 [JavaFX Application Thread] DEBUG AssetLoader          - Loading from disk: /assets/textures/3 (1).jpg
15:06:34.769 [JavaFX Application Thread] DEBUG AssetLoader          - Loading from disk: /assets/textures/3 (2).jpg
15:06:34.770 [JavaFX Application Thread] DEBUG AssetLoader          - Loading from disk: /assets/textures/3 (7).jpg
15:06:34.772 [JavaFX Application Thread] DEBUG AssetLoader          - Loading from disk: /assets/textures/3 (13).jpg
15:06:34.773 [JavaFX Application Thread] DEBUG AssetLoader          - Loading from disk: /assets/textures/3 (11).jpg
15:06:34.773 [JavaFX Application Thread] DEBUG AssetLoader          - Loading from disk: /assets/textures/3 (8).jpg
15:06:34.775 [JavaFX Application Thread] DEBUG AssetLoader          - Loading from disk: /assets/textures/3 (9).jpg
15:06:34.776 [JavaFX Application Thread] DEBUG AssetLoader          - Loading from disk: /assets/textures/3 (15).jpg
15:06:34.778 [JavaFX Application Thread] DEBUG AssetLoader          - Loading from disk: /assets/textures/3 (4).jpg
15:06:34.779 [JavaFX Application Thread] DEBUG Input                - Mocking button press: LMB at 1202.4, 673.6
15:06:37.229 [JavaFX Application Thread] DEBUG AssetLoader          - Loading from disk: /assets/textures/effect_level2.png
15:06:38.858 [JavaFX Application Thread] DEBUG AssetLoader          - Loading from cache: /assets/textures/effect_level2.png
15:06:40.920 [JavaFX Application Thread] DEBUG AssetLoader          - Loading from cache: /assets/textures/effect_level2.png
15:06:42.720 [JavaFX Application Thread] DEBUG AssetLoader          - Loading from cache: /assets/textures/effect_level2.png
15:06:44.249 [JavaFX Application Thread] DEBUG AssetLoader          - Loading from cache: /assets/textures/effect_level2.png
15:06:46.129 [JavaFX Application Thread] DEBUG AssetLoader          - Loading from cache: /assets/textures/effect_level2.png
15:06:48.322 [JavaFX Application Thread] DEBUG AssetLoader          - Loading from cache: /assets/textures/effect_level2.png
15:06:49.428 [JavaFX Application Thread] DEBUG AssetLoader          - Loading from cache: /assets/textures/effect_level2.png
15:06:51.308 [JavaFX Application Thread] DEBUG AssetLoader          - Loading from cache: /assets/textures/effect_level2.png
15:06:53.088 [JavaFX Application Thread] DEBUG AssetLoader          - Loading from cache: /assets/textures/effect_level2.png
15:06:55.221 [JavaFX Application Thread] DEBUG AssetLoader          - Loading from cache: /assets/textures/effect_level2.png
15:06:57.162 [JavaFX Application Thread] DEBUG AssetLoader          - Loading from cache: /assets/textures/effect_level2.png
15:06:59.193 [JavaFX Application Thread] DEBUG AssetLoader          - Loading from cache: /assets/textures/effect_level2.png
15:07:00.241 [JavaFX Application Thread] DEBUG AssetLoader          - Loading from cache: /assets/textures/null.png
15:07:00.242 [JavaFX Application Thread] DEBUG AssetLoader          - Loading from cache: /assets/textures/null.png
15:07:00.242 [JavaFX Application Thread] DEBUG AssetLoader          - Loading from cache: /assets/textures/null.png
15:07:00.243 [JavaFX Application Thread] DEBUG AssetLoader          - Loading from cache: /assets/textures/null.png
15:07:00.243 [JavaFX Application Thread] DEBUG AssetLoader          - Loading from cache: /assets/textures/null.png
15:07:00.244 [JavaFX Application Thread] DEBUG AssetLoader          - Loading from cache: /assets/textures/null.png
15:07:00.244 [JavaFX Application Thread] DEBUG AssetLoader          - Loading from cache: /assets/textures/null.png
15:07:00.244 [JavaFX Application Thread] DEBUG AssetLoader          - Loading from cache: /assets/textures/null.png
15:07:00.245 [JavaFX Application Thread] DEBUG AssetLoader          - Loading from cache: /assets/textures/null.png
15:07:00.245 [JavaFX Application Thread] DEBUG AssetLoader          - Loading from cache: /assets/textures/null.png
15:07:00.246 [JavaFX Application Thread] DEBUG AssetLoader          - Loading from cache: /assets/textures/null.png
15:07:00.246 [JavaFX Application Thread] DEBUG AssetLoader          - Loading from cache: /assets/textures/null.png
15:07:00.246 [JavaFX Application Thread] DEBUG AssetLoader          - Loading from cache: /assets/textures/null.png
15:07:00.247 [JavaFX Application Thread] DEBUG AssetLoader          - Loading from cache: /assets/textures/null.png
15:07:00.248 [JavaFX Application Thread] DEBUG AssetLoader          - Loading from cache: /assets/textures/null.png
15:07:00.248 [JavaFX Application Thread] DEBUG AssetLoader          - Loading from cache: /assets/textures/null.png
15:07:00.249 [JavaFX Application Thread] DEBUG AssetLoader          - Loading from disk: /assets/textures/4.1.png
15:07:00.397 [JavaFX Application Thread] DEBUG AssetLoader          - Loading from cache: /assets/textures/next.png
15:07:05.156 [JavaFX Application Thread] DEBUG AssetLoader          - Loading from disk: /assets/textures/4.2.png
15:07:07.067 [JavaFX Application Thread] DEBUG AssetLoader          - Loading from disk: /assets/textures/4.3.png
15:07:07.771 [JavaFX Application Thread] DEBUG AssetLoader          - Loading from disk: /assets/textures/4.4.png
15:07:08.495 [JavaFX Application Thread] DEBUG AssetLoader          - Loading from cache: /assets/textures/null.png
15:07:08.496 [JavaFX Application Thread] DEBUG AssetLoader          - Loading from cache: /assets/textures/null.png
15:07:08.496 [JavaFX Application Thread] DEBUG AssetLoader          - Loading from disk: /assets/textures/pb (4).png
15:07:08.555 [JavaFX Application Thread] DEBUG AssetLoader          - Loading from disk: /assets/textures/lock_screen (1).png
15:07:08.560 [JavaFX Application Thread] DEBUG AssetLoader          - Loading from disk: /assets/textures/lock_screen (2).png
15:07:08.565 [JavaFX Application Thread] DEBUG AssetLoader          - Loading from disk: /assets/textures/lock_screen (3).png
15:07:08.568 [JavaFX Application Thread] DEBUG AssetLoader          - Loading from disk: /assets/textures/lock_screen (4).png
15:07:52.525 [JavaFX Application Thread] DEBUG MainWindow           - Push state: DialogSubState
15:07:52.525 [JavaFX Application Thread] DEBUG Input                - Clearing active input actions
15:07:52.526 [JavaFX Application Thread] DEBUG MainWindow           - GameScene -> DialogSubState
15:07:52.538 [JavaFX Application Thread] DEBUG Engine               - Removing overlay from GameScene and adding to DialogSubState
15:07:55.857 [JavaFX Application Thread] DEBUG MainWindow           - Pop state: DialogSubState
15:07:55.857 [JavaFX Application Thread] DEBUG Input                - Clearing active input actions
15:07:55.858 [JavaFX Application Thread] DEBUG Engine               - Removing overlay from DialogSubState and adding to GameScene
15:07:55.858 [JavaFX Application Thread] DEBUG MainWindow           - GameScene <- DialogSubState
15:07:55.859 [JavaFX Application Thread] DEBUG Engine               - Exiting FXGL
15:07:55.859 [JavaFX Application Thread] DEBUG Engine               - Shutting down background threads
15:07:55.859 [JavaFX Application Thread] DEBUG Engine               - Saving FXGL system data
15:07:55.862 [JavaFX Application Thread] DEBUG MobileFSService      - Writing to: C:\Users\Kafi\Downloads\javafx-workshop-master\Finding_Ribo\system\fxgl.bundle
15:07:55.867 [JavaFX Application Thread] DEBUG Engine               - Closing logger and exiting JavaFX
